[2023-03-10T06:51:26.199+0000] {processor.py:153} INFO - Started process (PID=1216) to work on /opt/airflow/dags/s3_to_snf.py
[2023-03-10T06:51:26.200+0000] {processor.py:743} INFO - Processing file /opt/airflow/dags/s3_to_snf.py for tasks to queue
[2023-03-10T06:51:26.201+0000] {logging_mixin.py:137} INFO - [2023-03-10T06:51:26.201+0000] {dagbag.py:538} INFO - Filling up the DagBag from /opt/airflow/dags/s3_to_snf.py
[2023-03-10T06:51:26.207+0000] {logging_mixin.py:137} INFO - [2023-03-10T06:51:26.205+0000] {dagbag.py:343} ERROR - Failed to import: /opt/airflow/dags/s3_to_snf.py
Traceback (most recent call last):
  File "/home/airflow/.local/lib/python3.7/site-packages/airflow/models/dagbag.py", line 339, in parse
    loader.exec_module(new_module)
  File "<frozen importlib._bootstrap_external>", line 724, in exec_module
  File "<frozen importlib._bootstrap_external>", line 860, in get_code
  File "<frozen importlib._bootstrap_external>", line 791, in source_to_code
  File "<frozen importlib._bootstrap>", line 219, in _call_with_frames_removed
  File "/opt/airflow/dags/s3_to_snf.py", line 2
    from airflow.operators.dummy
                               ^
SyntaxError: invalid syntax
[2023-03-10T06:51:26.208+0000] {processor.py:755} WARNING - No viable dags retrieved from /opt/airflow/dags/s3_to_snf.py
[2023-03-10T06:51:26.227+0000] {processor.py:175} INFO - Processing /opt/airflow/dags/s3_to_snf.py took 0.031 seconds
[2023-03-10T06:51:31.287+0000] {processor.py:153} INFO - Started process (PID=1217) to work on /opt/airflow/dags/s3_to_snf.py
[2023-03-10T06:51:31.288+0000] {processor.py:743} INFO - Processing file /opt/airflow/dags/s3_to_snf.py for tasks to queue
[2023-03-10T06:51:31.289+0000] {logging_mixin.py:137} INFO - [2023-03-10T06:51:31.289+0000] {dagbag.py:538} INFO - Filling up the DagBag from /opt/airflow/dags/s3_to_snf.py
[2023-03-10T06:51:31.293+0000] {logging_mixin.py:137} INFO - [2023-03-10T06:51:31.293+0000] {dagbag.py:343} ERROR - Failed to import: /opt/airflow/dags/s3_to_snf.py
Traceback (most recent call last):
  File "/home/airflow/.local/lib/python3.7/site-packages/airflow/models/dagbag.py", line 339, in parse
    loader.exec_module(new_module)
  File "<frozen importlib._bootstrap_external>", line 724, in exec_module
  File "<frozen importlib._bootstrap_external>", line 860, in get_code
  File "<frozen importlib._bootstrap_external>", line 791, in source_to_code
  File "<frozen importlib._bootstrap>", line 219, in _call_with_frames_removed
  File "/opt/airflow/dags/s3_to_snf.py", line 2
    from airflow.operators.dummy_operator
                                        ^
SyntaxError: invalid syntax
[2023-03-10T06:51:31.294+0000] {processor.py:755} WARNING - No viable dags retrieved from /opt/airflow/dags/s3_to_snf.py
[2023-03-10T06:51:31.310+0000] {processor.py:175} INFO - Processing /opt/airflow/dags/s3_to_snf.py took 0.027 seconds
[2023-03-10T06:51:34.351+0000] {processor.py:153} INFO - Started process (PID=1218) to work on /opt/airflow/dags/s3_to_snf.py
[2023-03-10T06:51:34.352+0000] {processor.py:743} INFO - Processing file /opt/airflow/dags/s3_to_snf.py for tasks to queue
[2023-03-10T06:51:34.354+0000] {logging_mixin.py:137} INFO - [2023-03-10T06:51:34.354+0000] {dagbag.py:538} INFO - Filling up the DagBag from /opt/airflow/dags/s3_to_snf.py
[2023-03-10T06:51:34.362+0000] {logging_mixin.py:137} INFO - [2023-03-10T06:51:34.360+0000] {dagbag.py:343} ERROR - Failed to import: /opt/airflow/dags/s3_to_snf.py
Traceback (most recent call last):
  File "/home/airflow/.local/lib/python3.7/site-packages/airflow/models/dagbag.py", line 339, in parse
    loader.exec_module(new_module)
  File "<frozen importlib._bootstrap_external>", line 724, in exec_module
  File "<frozen importlib._bootstrap_external>", line 860, in get_code
  File "<frozen importlib._bootstrap_external>", line 791, in source_to_code
  File "<frozen importlib._bootstrap>", line 219, in _call_with_frames_removed
  File "/opt/airflow/dags/s3_to_snf.py", line 2
    from airflow.operators.dummy_operator import
                                                ^
SyntaxError: invalid syntax
[2023-03-10T06:51:34.363+0000] {processor.py:755} WARNING - No viable dags retrieved from /opt/airflow/dags/s3_to_snf.py
[2023-03-10T06:51:34.388+0000] {processor.py:175} INFO - Processing /opt/airflow/dags/s3_to_snf.py took 0.040 seconds
[2023-03-10T06:51:41.446+0000] {processor.py:153} INFO - Started process (PID=1232) to work on /opt/airflow/dags/s3_to_snf.py
[2023-03-10T06:51:41.450+0000] {processor.py:743} INFO - Processing file /opt/airflow/dags/s3_to_snf.py for tasks to queue
[2023-03-10T06:51:41.452+0000] {logging_mixin.py:137} INFO - [2023-03-10T06:51:41.451+0000] {dagbag.py:538} INFO - Filling up the DagBag from /opt/airflow/dags/s3_to_snf.py
[2023-03-10T06:51:41.469+0000] {logging_mixin.py:137} INFO - [2023-03-10T06:51:41.467+0000] {dagbag.py:343} ERROR - Failed to import: /opt/airflow/dags/s3_to_snf.py
Traceback (most recent call last):
  File "/home/airflow/.local/lib/python3.7/site-packages/airflow/models/dagbag.py", line 339, in parse
    loader.exec_module(new_module)
  File "<frozen importlib._bootstrap_external>", line 728, in exec_module
  File "<frozen importlib._bootstrap>", line 219, in _call_with_frames_removed
  File "/opt/airflow/dags/s3_to_snf.py", line 2, in <module>
    from airflow.operators.dummy_operator import Dummp
ImportError: cannot import name 'Dummp' from 'airflow.operators.dummy_operator' (unknown location)
[2023-03-10T06:51:41.469+0000] {processor.py:755} WARNING - No viable dags retrieved from /opt/airflow/dags/s3_to_snf.py
[2023-03-10T06:51:41.484+0000] {processor.py:175} INFO - Processing /opt/airflow/dags/s3_to_snf.py took 0.044 seconds
[2023-03-10T06:51:42.497+0000] {processor.py:153} INFO - Started process (PID=1233) to work on /opt/airflow/dags/s3_to_snf.py
[2023-03-10T06:51:42.499+0000] {processor.py:743} INFO - Processing file /opt/airflow/dags/s3_to_snf.py for tasks to queue
[2023-03-10T06:51:42.501+0000] {logging_mixin.py:137} INFO - [2023-03-10T06:51:42.501+0000] {dagbag.py:538} INFO - Filling up the DagBag from /opt/airflow/dags/s3_to_snf.py
[2023-03-10T06:51:42.514+0000] {logging_mixin.py:137} INFO - [2023-03-10T06:51:42.513+0000] {dagbag.py:343} ERROR - Failed to import: /opt/airflow/dags/s3_to_snf.py
Traceback (most recent call last):
  File "/home/airflow/.local/lib/python3.7/site-packages/airflow/models/dagbag.py", line 339, in parse
    loader.exec_module(new_module)
  File "<frozen importlib._bootstrap_external>", line 728, in exec_module
  File "<frozen importlib._bootstrap>", line 219, in _call_with_frames_removed
  File "/opt/airflow/dags/s3_to_snf.py", line 2, in <module>
    from airflow.operators.dummy_operator import Dumm
ImportError: cannot import name 'Dumm' from 'airflow.operators.dummy_operator' (unknown location)
[2023-03-10T06:51:42.515+0000] {processor.py:755} WARNING - No viable dags retrieved from /opt/airflow/dags/s3_to_snf.py
[2023-03-10T06:51:42.532+0000] {processor.py:175} INFO - Processing /opt/airflow/dags/s3_to_snf.py took 0.041 seconds
[2023-03-10T06:51:46.563+0000] {processor.py:153} INFO - Started process (PID=1248) to work on /opt/airflow/dags/s3_to_snf.py
[2023-03-10T06:51:46.564+0000] {processor.py:743} INFO - Processing file /opt/airflow/dags/s3_to_snf.py for tasks to queue
[2023-03-10T06:51:46.565+0000] {logging_mixin.py:137} INFO - [2023-03-10T06:51:46.565+0000] {dagbag.py:538} INFO - Filling up the DagBag from /opt/airflow/dags/s3_to_snf.py
[2023-03-10T06:51:46.576+0000] {processor.py:755} WARNING - No viable dags retrieved from /opt/airflow/dags/s3_to_snf.py
[2023-03-10T06:51:46.590+0000] {processor.py:175} INFO - Processing /opt/airflow/dags/s3_to_snf.py took 0.030 seconds
[2023-03-10T06:51:47.615+0000] {processor.py:153} INFO - Started process (PID=1249) to work on /opt/airflow/dags/s3_to_snf.py
[2023-03-10T06:51:47.618+0000] {processor.py:743} INFO - Processing file /opt/airflow/dags/s3_to_snf.py for tasks to queue
[2023-03-10T06:51:47.620+0000] {logging_mixin.py:137} INFO - [2023-03-10T06:51:47.620+0000] {dagbag.py:538} INFO - Filling up the DagBag from /opt/airflow/dags/s3_to_snf.py
[2023-03-10T06:51:47.634+0000] {processor.py:755} WARNING - No viable dags retrieved from /opt/airflow/dags/s3_to_snf.py
[2023-03-10T06:51:47.648+0000] {processor.py:175} INFO - Processing /opt/airflow/dags/s3_to_snf.py took 0.037 seconds
[2023-03-10T06:52:17.952+0000] {processor.py:153} INFO - Started process (PID=1276) to work on /opt/airflow/dags/s3_to_snf.py
[2023-03-10T06:52:17.955+0000] {processor.py:743} INFO - Processing file /opt/airflow/dags/s3_to_snf.py for tasks to queue
[2023-03-10T06:52:17.956+0000] {logging_mixin.py:137} INFO - [2023-03-10T06:52:17.956+0000] {dagbag.py:538} INFO - Filling up the DagBag from /opt/airflow/dags/s3_to_snf.py
[2023-03-10T06:52:17.965+0000] {processor.py:755} WARNING - No viable dags retrieved from /opt/airflow/dags/s3_to_snf.py
[2023-03-10T06:52:17.981+0000] {processor.py:175} INFO - Processing /opt/airflow/dags/s3_to_snf.py took 0.035 seconds
[2023-03-10T06:52:48.209+0000] {processor.py:153} INFO - Started process (PID=1316) to work on /opt/airflow/dags/s3_to_snf.py
[2023-03-10T06:52:48.212+0000] {processor.py:743} INFO - Processing file /opt/airflow/dags/s3_to_snf.py for tasks to queue
[2023-03-10T06:52:48.213+0000] {logging_mixin.py:137} INFO - [2023-03-10T06:52:48.213+0000] {dagbag.py:538} INFO - Filling up the DagBag from /opt/airflow/dags/s3_to_snf.py
[2023-03-10T06:52:48.224+0000] {processor.py:755} WARNING - No viable dags retrieved from /opt/airflow/dags/s3_to_snf.py
[2023-03-10T06:52:48.246+0000] {processor.py:175} INFO - Processing /opt/airflow/dags/s3_to_snf.py took 0.042 seconds
[2023-03-10T06:53:18.594+0000] {processor.py:153} INFO - Started process (PID=1356) to work on /opt/airflow/dags/s3_to_snf.py
[2023-03-10T06:53:18.596+0000] {processor.py:743} INFO - Processing file /opt/airflow/dags/s3_to_snf.py for tasks to queue
[2023-03-10T06:53:18.598+0000] {logging_mixin.py:137} INFO - [2023-03-10T06:53:18.597+0000] {dagbag.py:538} INFO - Filling up the DagBag from /opt/airflow/dags/s3_to_snf.py
[2023-03-10T06:53:18.604+0000] {processor.py:755} WARNING - No viable dags retrieved from /opt/airflow/dags/s3_to_snf.py
[2023-03-10T06:53:18.619+0000] {processor.py:175} INFO - Processing /opt/airflow/dags/s3_to_snf.py took 0.028 seconds
[2023-03-10T06:53:48.990+0000] {processor.py:153} INFO - Started process (PID=1382) to work on /opt/airflow/dags/s3_to_snf.py
[2023-03-10T06:53:48.991+0000] {processor.py:743} INFO - Processing file /opt/airflow/dags/s3_to_snf.py for tasks to queue
[2023-03-10T06:53:48.992+0000] {logging_mixin.py:137} INFO - [2023-03-10T06:53:48.992+0000] {dagbag.py:538} INFO - Filling up the DagBag from /opt/airflow/dags/s3_to_snf.py
[2023-03-10T06:53:48.997+0000] {processor.py:755} WARNING - No viable dags retrieved from /opt/airflow/dags/s3_to_snf.py
[2023-03-10T06:53:49.009+0000] {processor.py:175} INFO - Processing /opt/airflow/dags/s3_to_snf.py took 0.022 seconds
[2023-03-10T06:54:19.384+0000] {processor.py:153} INFO - Started process (PID=1421) to work on /opt/airflow/dags/s3_to_snf.py
[2023-03-10T06:54:19.385+0000] {processor.py:743} INFO - Processing file /opt/airflow/dags/s3_to_snf.py for tasks to queue
[2023-03-10T06:54:19.388+0000] {logging_mixin.py:137} INFO - [2023-03-10T06:54:19.388+0000] {dagbag.py:538} INFO - Filling up the DagBag from /opt/airflow/dags/s3_to_snf.py
[2023-03-10T06:54:19.394+0000] {processor.py:755} WARNING - No viable dags retrieved from /opt/airflow/dags/s3_to_snf.py
[2023-03-10T06:54:19.408+0000] {processor.py:175} INFO - Processing /opt/airflow/dags/s3_to_snf.py took 0.029 seconds
[2023-03-10T06:54:49.799+0000] {processor.py:153} INFO - Started process (PID=1460) to work on /opt/airflow/dags/s3_to_snf.py
[2023-03-10T06:54:49.801+0000] {processor.py:743} INFO - Processing file /opt/airflow/dags/s3_to_snf.py for tasks to queue
[2023-03-10T06:54:49.803+0000] {logging_mixin.py:137} INFO - [2023-03-10T06:54:49.803+0000] {dagbag.py:538} INFO - Filling up the DagBag from /opt/airflow/dags/s3_to_snf.py
[2023-03-10T06:54:49.812+0000] {processor.py:755} WARNING - No viable dags retrieved from /opt/airflow/dags/s3_to_snf.py
[2023-03-10T06:54:49.832+0000] {processor.py:175} INFO - Processing /opt/airflow/dags/s3_to_snf.py took 0.039 seconds
[2023-03-10T06:55:20.159+0000] {processor.py:153} INFO - Started process (PID=1486) to work on /opt/airflow/dags/s3_to_snf.py
[2023-03-10T06:55:20.160+0000] {processor.py:743} INFO - Processing file /opt/airflow/dags/s3_to_snf.py for tasks to queue
[2023-03-10T06:55:20.162+0000] {logging_mixin.py:137} INFO - [2023-03-10T06:55:20.161+0000] {dagbag.py:538} INFO - Filling up the DagBag from /opt/airflow/dags/s3_to_snf.py
[2023-03-10T06:55:20.168+0000] {processor.py:755} WARNING - No viable dags retrieved from /opt/airflow/dags/s3_to_snf.py
[2023-03-10T06:55:20.184+0000] {processor.py:175} INFO - Processing /opt/airflow/dags/s3_to_snf.py took 0.029 seconds
[2023-03-10T06:55:31.274+0000] {processor.py:153} INFO - Started process (PID=1500) to work on /opt/airflow/dags/s3_to_snf.py
[2023-03-10T06:55:31.275+0000] {processor.py:743} INFO - Processing file /opt/airflow/dags/s3_to_snf.py for tasks to queue
[2023-03-10T06:55:31.276+0000] {logging_mixin.py:137} INFO - [2023-03-10T06:55:31.276+0000] {dagbag.py:538} INFO - Filling up the DagBag from /opt/airflow/dags/s3_to_snf.py
[2023-03-10T06:55:31.325+0000] {processor.py:753} INFO - DAG(s) dict_keys(['hello_world']) retrieved from /opt/airflow/dags/s3_to_snf.py
[2023-03-10T06:55:31.433+0000] {logging_mixin.py:137} INFO - [2023-03-10T06:55:31.433+0000] {manager.py:504} INFO - Created Permission View: can edit on DAG:hello_world
[2023-03-10T06:55:31.438+0000] {logging_mixin.py:137} INFO - [2023-03-10T06:55:31.438+0000] {manager.py:504} INFO - Created Permission View: can read on DAG:hello_world
[2023-03-10T06:55:31.441+0000] {logging_mixin.py:137} INFO - [2023-03-10T06:55:31.441+0000] {manager.py:504} INFO - Created Permission View: can delete on DAG:hello_world
[2023-03-10T06:55:31.442+0000] {logging_mixin.py:137} INFO - [2023-03-10T06:55:31.442+0000] {dag.py:2690} INFO - Sync 1 DAGs
[2023-03-10T06:55:31.449+0000] {logging_mixin.py:137} INFO - [2023-03-10T06:55:31.449+0000] {dag.py:2711} INFO - Creating ORM DAG for hello_world
[2023-03-10T06:55:31.457+0000] {logging_mixin.py:137} INFO - [2023-03-10T06:55:31.457+0000] {dag.py:3441} INFO - Setting next_dagrun for hello_world to 2023-03-08T12:00:00+00:00, run_after=2023-03-09T12:00:00+00:00
[2023-03-10T06:55:31.467+0000] {processor.py:175} INFO - Processing /opt/airflow/dags/s3_to_snf.py took 0.197 seconds
[2023-03-10T06:56:01.597+0000] {processor.py:153} INFO - Started process (PID=1539) to work on /opt/airflow/dags/s3_to_snf.py
[2023-03-10T06:56:01.599+0000] {processor.py:743} INFO - Processing file /opt/airflow/dags/s3_to_snf.py for tasks to queue
[2023-03-10T06:56:01.601+0000] {logging_mixin.py:137} INFO - [2023-03-10T06:56:01.601+0000] {dagbag.py:538} INFO - Filling up the DagBag from /opt/airflow/dags/s3_to_snf.py
[2023-03-10T06:56:01.620+0000] {processor.py:753} INFO - DAG(s) dict_keys(['hello_world']) retrieved from /opt/airflow/dags/s3_to_snf.py
[2023-03-10T06:56:01.639+0000] {logging_mixin.py:137} INFO - [2023-03-10T06:56:01.639+0000] {dag.py:2690} INFO - Sync 1 DAGs
[2023-03-10T06:56:01.654+0000] {logging_mixin.py:137} INFO - [2023-03-10T06:56:01.654+0000] {dag.py:3441} INFO - Setting next_dagrun for hello_world to 2023-03-08T12:00:00+00:00, run_after=2023-03-09T12:00:00+00:00
[2023-03-10T06:56:01.664+0000] {processor.py:175} INFO - Processing /opt/airflow/dags/s3_to_snf.py took 0.074 seconds
[2023-03-10T06:56:12.736+0000] {processor.py:153} INFO - Started process (PID=1553) to work on /opt/airflow/dags/s3_to_snf.py
[2023-03-10T06:56:12.739+0000] {processor.py:743} INFO - Processing file /opt/airflow/dags/s3_to_snf.py for tasks to queue
[2023-03-10T06:56:12.741+0000] {logging_mixin.py:137} INFO - [2023-03-10T06:56:12.741+0000] {dagbag.py:538} INFO - Filling up the DagBag from /opt/airflow/dags/s3_to_snf.py
[2023-03-10T06:56:12.763+0000] {logging_mixin.py:137} INFO - [2023-03-10T06:56:12.762+0000] {dagbag.py:343} ERROR - Failed to import: /opt/airflow/dags/s3_to_snf.py
Traceback (most recent call last):
  File "/home/airflow/.local/lib/python3.7/site-packages/airflow/models/dagbag.py", line 339, in parse
    loader.exec_module(new_module)
  File "<frozen importlib._bootstrap_external>", line 728, in exec_module
  File "<frozen importlib._bootstrap>", line 219, in _call_with_frames_removed
  File "/opt/airflow/dags/s3_to_snf.py", line 15, in <module>
    hello_operatorx
NameError: name 'hello_operatorx' is not defined
[2023-03-10T06:56:12.764+0000] {processor.py:755} WARNING - No viable dags retrieved from /opt/airflow/dags/s3_to_snf.py
[2023-03-10T06:56:12.780+0000] {processor.py:175} INFO - Processing /opt/airflow/dags/s3_to_snf.py took 0.051 seconds
[2023-03-10T06:56:14.810+0000] {processor.py:153} INFO - Started process (PID=1554) to work on /opt/airflow/dags/s3_to_snf.py
[2023-03-10T06:56:14.812+0000] {processor.py:743} INFO - Processing file /opt/airflow/dags/s3_to_snf.py for tasks to queue
[2023-03-10T06:56:14.813+0000] {logging_mixin.py:137} INFO - [2023-03-10T06:56:14.813+0000] {dagbag.py:538} INFO - Filling up the DagBag from /opt/airflow/dags/s3_to_snf.py
[2023-03-10T06:56:14.838+0000] {processor.py:753} INFO - DAG(s) dict_keys(['hello_world']) retrieved from /opt/airflow/dags/s3_to_snf.py
[2023-03-10T06:56:14.856+0000] {logging_mixin.py:137} INFO - [2023-03-10T06:56:14.856+0000] {dag.py:2690} INFO - Sync 1 DAGs
[2023-03-10T06:56:14.870+0000] {logging_mixin.py:137} INFO - [2023-03-10T06:56:14.870+0000] {dag.py:3441} INFO - Setting next_dagrun for hello_world to 2023-03-08T12:00:00+00:00, run_after=2023-03-09T12:00:00+00:00
[2023-03-10T06:56:14.885+0000] {processor.py:175} INFO - Processing /opt/airflow/dags/s3_to_snf.py took 0.080 seconds
[2023-03-10T06:56:45.168+0000] {processor.py:153} INFO - Started process (PID=1594) to work on /opt/airflow/dags/s3_to_snf.py
[2023-03-10T06:56:45.172+0000] {processor.py:743} INFO - Processing file /opt/airflow/dags/s3_to_snf.py for tasks to queue
[2023-03-10T06:56:45.173+0000] {logging_mixin.py:137} INFO - [2023-03-10T06:56:45.173+0000] {dagbag.py:538} INFO - Filling up the DagBag from /opt/airflow/dags/s3_to_snf.py
[2023-03-10T06:56:45.196+0000] {processor.py:753} INFO - DAG(s) dict_keys(['hello_world']) retrieved from /opt/airflow/dags/s3_to_snf.py
[2023-03-10T06:56:45.215+0000] {logging_mixin.py:137} INFO - [2023-03-10T06:56:45.215+0000] {dag.py:2690} INFO - Sync 1 DAGs
[2023-03-10T06:56:45.231+0000] {logging_mixin.py:137} INFO - [2023-03-10T06:56:45.231+0000] {dag.py:3441} INFO - Setting next_dagrun for hello_world to 2023-03-09T12:00:00+00:00, run_after=2023-03-10T12:00:00+00:00
[2023-03-10T06:56:45.241+0000] {processor.py:175} INFO - Processing /opt/airflow/dags/s3_to_snf.py took 0.078 seconds
[2023-03-10T06:57:15.477+0000] {processor.py:153} INFO - Started process (PID=1635) to work on /opt/airflow/dags/s3_to_snf.py
[2023-03-10T06:57:15.479+0000] {processor.py:743} INFO - Processing file /opt/airflow/dags/s3_to_snf.py for tasks to queue
[2023-03-10T06:57:15.480+0000] {logging_mixin.py:137} INFO - [2023-03-10T06:57:15.480+0000] {dagbag.py:538} INFO - Filling up the DagBag from /opt/airflow/dags/s3_to_snf.py
[2023-03-10T06:57:15.494+0000] {processor.py:753} INFO - DAG(s) dict_keys(['hello_world']) retrieved from /opt/airflow/dags/s3_to_snf.py
[2023-03-10T06:57:15.516+0000] {logging_mixin.py:137} INFO - [2023-03-10T06:57:15.516+0000] {dag.py:2690} INFO - Sync 1 DAGs
[2023-03-10T06:57:15.535+0000] {logging_mixin.py:137} INFO - [2023-03-10T06:57:15.535+0000] {dag.py:3441} INFO - Setting next_dagrun for hello_world to 2023-03-09T12:00:00+00:00, run_after=2023-03-10T12:00:00+00:00
[2023-03-10T06:57:15.548+0000] {processor.py:175} INFO - Processing /opt/airflow/dags/s3_to_snf.py took 0.073 seconds
[2023-03-10T06:57:45.819+0000] {processor.py:153} INFO - Started process (PID=1662) to work on /opt/airflow/dags/s3_to_snf.py
[2023-03-10T06:57:45.821+0000] {processor.py:743} INFO - Processing file /opt/airflow/dags/s3_to_snf.py for tasks to queue
[2023-03-10T06:57:45.822+0000] {logging_mixin.py:137} INFO - [2023-03-10T06:57:45.821+0000] {dagbag.py:538} INFO - Filling up the DagBag from /opt/airflow/dags/s3_to_snf.py
[2023-03-10T06:57:45.845+0000] {processor.py:753} INFO - DAG(s) dict_keys(['hello_world']) retrieved from /opt/airflow/dags/s3_to_snf.py
[2023-03-10T06:57:45.868+0000] {logging_mixin.py:137} INFO - [2023-03-10T06:57:45.868+0000] {dag.py:2690} INFO - Sync 1 DAGs
[2023-03-10T06:57:45.885+0000] {logging_mixin.py:137} INFO - [2023-03-10T06:57:45.885+0000] {dag.py:3441} INFO - Setting next_dagrun for hello_world to 2023-03-09T12:00:00+00:00, run_after=2023-03-10T12:00:00+00:00
[2023-03-10T06:57:45.897+0000] {processor.py:175} INFO - Processing /opt/airflow/dags/s3_to_snf.py took 0.081 seconds
[2023-03-10T06:57:51.914+0000] {processor.py:153} INFO - Started process (PID=1676) to work on /opt/airflow/dags/s3_to_snf.py
[2023-03-10T06:57:51.916+0000] {processor.py:743} INFO - Processing file /opt/airflow/dags/s3_to_snf.py for tasks to queue
[2023-03-10T06:57:51.918+0000] {logging_mixin.py:137} INFO - [2023-03-10T06:57:51.918+0000] {dagbag.py:538} INFO - Filling up the DagBag from /opt/airflow/dags/s3_to_snf.py
[2023-03-10T06:57:51.941+0000] {processor.py:753} INFO - DAG(s) dict_keys(['hello_world']) retrieved from /opt/airflow/dags/s3_to_snf.py
[2023-03-10T06:57:51.979+0000] {logging_mixin.py:137} INFO - [2023-03-10T06:57:51.979+0000] {dag.py:2690} INFO - Sync 1 DAGs
[2023-03-10T06:57:51.993+0000] {logging_mixin.py:137} INFO - [2023-03-10T06:57:51.993+0000] {dag.py:3441} INFO - Setting next_dagrun for hello_world to 2023-03-09T12:00:00+00:00, run_after=2023-03-10T12:00:00+00:00
[2023-03-10T06:57:52.005+0000] {processor.py:175} INFO - Processing /opt/airflow/dags/s3_to_snf.py took 0.098 seconds
[2023-03-10T06:58:03.076+0000] {processor.py:153} INFO - Started process (PID=1689) to work on /opt/airflow/dags/s3_to_snf.py
[2023-03-10T06:58:03.078+0000] {processor.py:743} INFO - Processing file /opt/airflow/dags/s3_to_snf.py for tasks to queue
[2023-03-10T06:58:03.079+0000] {logging_mixin.py:137} INFO - [2023-03-10T06:58:03.079+0000] {dagbag.py:538} INFO - Filling up the DagBag from /opt/airflow/dags/s3_to_snf.py
[2023-03-10T06:58:03.102+0000] {processor.py:753} INFO - DAG(s) dict_keys(['hello_world']) retrieved from /opt/airflow/dags/s3_to_snf.py
[2023-03-10T06:58:03.114+0000] {logging_mixin.py:137} INFO - [2023-03-10T06:58:03.114+0000] {dag.py:2690} INFO - Sync 1 DAGs
[2023-03-10T06:58:03.130+0000] {logging_mixin.py:137} INFO - [2023-03-10T06:58:03.130+0000] {dag.py:3441} INFO - Setting next_dagrun for hello_world to 2023-03-20T12:00:00+00:00, run_after=2023-03-21T12:00:00+00:00
[2023-03-10T06:58:03.142+0000] {processor.py:175} INFO - Processing /opt/airflow/dags/s3_to_snf.py took 0.069 seconds
[2023-03-10T06:58:11.217+0000] {processor.py:153} INFO - Started process (PID=1690) to work on /opt/airflow/dags/s3_to_snf.py
[2023-03-10T06:58:11.220+0000] {processor.py:743} INFO - Processing file /opt/airflow/dags/s3_to_snf.py for tasks to queue
[2023-03-10T06:58:11.221+0000] {logging_mixin.py:137} INFO - [2023-03-10T06:58:11.221+0000] {dagbag.py:538} INFO - Filling up the DagBag from /opt/airflow/dags/s3_to_snf.py
[2023-03-10T06:58:11.241+0000] {logging_mixin.py:137} INFO - [2023-03-10T06:58:11.239+0000] {dagbag.py:343} ERROR - Failed to import: /opt/airflow/dags/s3_to_snf.py
Traceback (most recent call last):
  File "/home/airflow/.local/lib/python3.7/site-packages/airflow/models/dagbag.py", line 339, in parse
    loader.exec_module(new_module)
  File "<frozen importlib._bootstrap_external>", line 728, in exec_module
  File "<frozen importlib._bootstrap>", line 219, in _call_with_frames_removed
  File "/opt/airflow/dags/s3_to_snf.py", line 11, in <module>
    start_date=datetime(2023, 3, ), catchup=False)
TypeError: function missing required argument 'day' (pos 3)
[2023-03-10T06:58:11.241+0000] {processor.py:755} WARNING - No viable dags retrieved from /opt/airflow/dags/s3_to_snf.py
[2023-03-10T06:58:11.260+0000] {processor.py:175} INFO - Processing /opt/airflow/dags/s3_to_snf.py took 0.048 seconds
[2023-03-10T06:58:12.229+0000] {processor.py:153} INFO - Started process (PID=1704) to work on /opt/airflow/dags/s3_to_snf.py
[2023-03-10T06:58:12.231+0000] {processor.py:743} INFO - Processing file /opt/airflow/dags/s3_to_snf.py for tasks to queue
[2023-03-10T06:58:12.232+0000] {logging_mixin.py:137} INFO - [2023-03-10T06:58:12.232+0000] {dagbag.py:538} INFO - Filling up the DagBag from /opt/airflow/dags/s3_to_snf.py
[2023-03-10T06:58:12.251+0000] {processor.py:753} INFO - DAG(s) dict_keys(['hello_world']) retrieved from /opt/airflow/dags/s3_to_snf.py
[2023-03-10T06:58:12.263+0000] {logging_mixin.py:137} INFO - [2023-03-10T06:58:12.263+0000] {dag.py:2690} INFO - Sync 1 DAGs
[2023-03-10T06:58:12.279+0000] {logging_mixin.py:137} INFO - [2023-03-10T06:58:12.279+0000] {dag.py:3441} INFO - Setting next_dagrun for hello_world to 2023-03-10T12:00:00+00:00, run_after=2023-03-11T12:00:00+00:00
[2023-03-10T06:58:12.293+0000] {processor.py:175} INFO - Processing /opt/airflow/dags/s3_to_snf.py took 0.067 seconds
[2023-03-10T06:58:42.590+0000] {processor.py:153} INFO - Started process (PID=1730) to work on /opt/airflow/dags/s3_to_snf.py
[2023-03-10T06:58:42.592+0000] {processor.py:743} INFO - Processing file /opt/airflow/dags/s3_to_snf.py for tasks to queue
[2023-03-10T06:58:42.593+0000] {logging_mixin.py:137} INFO - [2023-03-10T06:58:42.593+0000] {dagbag.py:538} INFO - Filling up the DagBag from /opt/airflow/dags/s3_to_snf.py
[2023-03-10T06:58:42.609+0000] {processor.py:753} INFO - DAG(s) dict_keys(['hello_world']) retrieved from /opt/airflow/dags/s3_to_snf.py
[2023-03-10T06:58:42.646+0000] {logging_mixin.py:137} INFO - [2023-03-10T06:58:42.646+0000] {dag.py:2690} INFO - Sync 1 DAGs
[2023-03-10T06:58:42.660+0000] {logging_mixin.py:137} INFO - [2023-03-10T06:58:42.660+0000] {dag.py:3441} INFO - Setting next_dagrun for hello_world to 2023-03-10T12:00:00+00:00, run_after=2023-03-11T12:00:00+00:00
[2023-03-10T06:58:42.670+0000] {processor.py:175} INFO - Processing /opt/airflow/dags/s3_to_snf.py took 0.083 seconds
[2023-03-10T06:59:12.892+0000] {processor.py:153} INFO - Started process (PID=1769) to work on /opt/airflow/dags/s3_to_snf.py
[2023-03-10T06:59:12.894+0000] {processor.py:743} INFO - Processing file /opt/airflow/dags/s3_to_snf.py for tasks to queue
[2023-03-10T06:59:12.895+0000] {logging_mixin.py:137} INFO - [2023-03-10T06:59:12.895+0000] {dagbag.py:538} INFO - Filling up the DagBag from /opt/airflow/dags/s3_to_snf.py
[2023-03-10T06:59:12.916+0000] {processor.py:753} INFO - DAG(s) dict_keys(['hello_world']) retrieved from /opt/airflow/dags/s3_to_snf.py
[2023-03-10T06:59:12.935+0000] {logging_mixin.py:137} INFO - [2023-03-10T06:59:12.935+0000] {dag.py:2690} INFO - Sync 1 DAGs
[2023-03-10T06:59:12.950+0000] {logging_mixin.py:137} INFO - [2023-03-10T06:59:12.950+0000] {dag.py:3441} INFO - Setting next_dagrun for hello_world to 2023-03-10T12:00:00+00:00, run_after=2023-03-11T12:00:00+00:00
[2023-03-10T06:59:12.960+0000] {processor.py:175} INFO - Processing /opt/airflow/dags/s3_to_snf.py took 0.073 seconds
[2023-03-10T06:59:43.162+0000] {processor.py:153} INFO - Started process (PID=1810) to work on /opt/airflow/dags/s3_to_snf.py
[2023-03-10T06:59:43.163+0000] {processor.py:743} INFO - Processing file /opt/airflow/dags/s3_to_snf.py for tasks to queue
[2023-03-10T06:59:43.164+0000] {logging_mixin.py:137} INFO - [2023-03-10T06:59:43.164+0000] {dagbag.py:538} INFO - Filling up the DagBag from /opt/airflow/dags/s3_to_snf.py
[2023-03-10T06:59:43.190+0000] {processor.py:753} INFO - DAG(s) dict_keys(['hello_world']) retrieved from /opt/airflow/dags/s3_to_snf.py
[2023-03-10T06:59:43.223+0000] {logging_mixin.py:137} INFO - [2023-03-10T06:59:43.222+0000] {dag.py:2690} INFO - Sync 1 DAGs
[2023-03-10T06:59:43.244+0000] {logging_mixin.py:137} INFO - [2023-03-10T06:59:43.244+0000] {dag.py:3441} INFO - Setting next_dagrun for hello_world to 2023-03-10T12:00:00+00:00, run_after=2023-03-11T12:00:00+00:00
[2023-03-10T06:59:43.258+0000] {processor.py:175} INFO - Processing /opt/airflow/dags/s3_to_snf.py took 0.099 seconds
[2023-03-10T07:00:13.475+0000] {processor.py:153} INFO - Started process (PID=1838) to work on /opt/airflow/dags/s3_to_snf.py
[2023-03-10T07:00:13.478+0000] {processor.py:743} INFO - Processing file /opt/airflow/dags/s3_to_snf.py for tasks to queue
[2023-03-10T07:00:13.480+0000] {logging_mixin.py:137} INFO - [2023-03-10T07:00:13.480+0000] {dagbag.py:538} INFO - Filling up the DagBag from /opt/airflow/dags/s3_to_snf.py
[2023-03-10T07:00:13.504+0000] {processor.py:753} INFO - DAG(s) dict_keys(['hello_world']) retrieved from /opt/airflow/dags/s3_to_snf.py
[2023-03-10T07:00:13.522+0000] {logging_mixin.py:137} INFO - [2023-03-10T07:00:13.522+0000] {dag.py:2690} INFO - Sync 1 DAGs
[2023-03-10T07:00:13.538+0000] {logging_mixin.py:137} INFO - [2023-03-10T07:00:13.538+0000] {dag.py:3441} INFO - Setting next_dagrun for hello_world to 2023-03-10T12:00:00+00:00, run_after=2023-03-11T12:00:00+00:00
[2023-03-10T07:00:13.548+0000] {processor.py:175} INFO - Processing /opt/airflow/dags/s3_to_snf.py took 0.079 seconds
[2023-03-10T07:00:43.758+0000] {processor.py:153} INFO - Started process (PID=1877) to work on /opt/airflow/dags/s3_to_snf.py
[2023-03-10T07:00:43.761+0000] {processor.py:743} INFO - Processing file /opt/airflow/dags/s3_to_snf.py for tasks to queue
[2023-03-10T07:00:43.762+0000] {logging_mixin.py:137} INFO - [2023-03-10T07:00:43.762+0000] {dagbag.py:538} INFO - Filling up the DagBag from /opt/airflow/dags/s3_to_snf.py
[2023-03-10T07:00:43.778+0000] {processor.py:753} INFO - DAG(s) dict_keys(['hello_world']) retrieved from /opt/airflow/dags/s3_to_snf.py
[2023-03-10T07:00:43.796+0000] {logging_mixin.py:137} INFO - [2023-03-10T07:00:43.796+0000] {dag.py:2690} INFO - Sync 1 DAGs
[2023-03-10T07:00:43.812+0000] {logging_mixin.py:137} INFO - [2023-03-10T07:00:43.812+0000] {dag.py:3441} INFO - Setting next_dagrun for hello_world to 2023-03-10T12:00:00+00:00, run_after=2023-03-11T12:00:00+00:00
[2023-03-10T07:00:43.822+0000] {processor.py:175} INFO - Processing /opt/airflow/dags/s3_to_snf.py took 0.066 seconds
[2023-03-10T07:01:14.052+0000] {processor.py:153} INFO - Started process (PID=1917) to work on /opt/airflow/dags/s3_to_snf.py
[2023-03-10T07:01:14.053+0000] {processor.py:743} INFO - Processing file /opt/airflow/dags/s3_to_snf.py for tasks to queue
[2023-03-10T07:01:14.054+0000] {logging_mixin.py:137} INFO - [2023-03-10T07:01:14.053+0000] {dagbag.py:538} INFO - Filling up the DagBag from /opt/airflow/dags/s3_to_snf.py
[2023-03-10T07:01:14.066+0000] {processor.py:753} INFO - DAG(s) dict_keys(['hello_world']) retrieved from /opt/airflow/dags/s3_to_snf.py
[2023-03-10T07:01:14.084+0000] {logging_mixin.py:137} INFO - [2023-03-10T07:01:14.084+0000] {dag.py:2690} INFO - Sync 1 DAGs
[2023-03-10T07:01:14.099+0000] {logging_mixin.py:137} INFO - [2023-03-10T07:01:14.099+0000] {dag.py:3441} INFO - Setting next_dagrun for hello_world to 2023-03-10T12:00:00+00:00, run_after=2023-03-11T12:00:00+00:00
[2023-03-10T07:01:14.110+0000] {processor.py:175} INFO - Processing /opt/airflow/dags/s3_to_snf.py took 0.060 seconds
[2023-03-10T07:01:44.345+0000] {processor.py:153} INFO - Started process (PID=1944) to work on /opt/airflow/dags/s3_to_snf.py
[2023-03-10T07:01:44.347+0000] {processor.py:743} INFO - Processing file /opt/airflow/dags/s3_to_snf.py for tasks to queue
[2023-03-10T07:01:44.348+0000] {logging_mixin.py:137} INFO - [2023-03-10T07:01:44.348+0000] {dagbag.py:538} INFO - Filling up the DagBag from /opt/airflow/dags/s3_to_snf.py
[2023-03-10T07:01:44.366+0000] {processor.py:753} INFO - DAG(s) dict_keys(['hello_world']) retrieved from /opt/airflow/dags/s3_to_snf.py
[2023-03-10T07:01:44.387+0000] {logging_mixin.py:137} INFO - [2023-03-10T07:01:44.387+0000] {dag.py:2690} INFO - Sync 1 DAGs
[2023-03-10T07:01:44.403+0000] {logging_mixin.py:137} INFO - [2023-03-10T07:01:44.403+0000] {dag.py:3441} INFO - Setting next_dagrun for hello_world to 2023-03-10T12:00:00+00:00, run_after=2023-03-11T12:00:00+00:00
[2023-03-10T07:01:44.413+0000] {processor.py:175} INFO - Processing /opt/airflow/dags/s3_to_snf.py took 0.071 seconds
[2023-03-10T07:02:14.713+0000] {processor.py:153} INFO - Started process (PID=1985) to work on /opt/airflow/dags/s3_to_snf.py
[2023-03-10T07:02:14.715+0000] {processor.py:743} INFO - Processing file /opt/airflow/dags/s3_to_snf.py for tasks to queue
[2023-03-10T07:02:14.717+0000] {logging_mixin.py:137} INFO - [2023-03-10T07:02:14.717+0000] {dagbag.py:538} INFO - Filling up the DagBag from /opt/airflow/dags/s3_to_snf.py
[2023-03-10T07:02:14.736+0000] {processor.py:753} INFO - DAG(s) dict_keys(['hello_world']) retrieved from /opt/airflow/dags/s3_to_snf.py
[2023-03-10T07:02:14.758+0000] {logging_mixin.py:137} INFO - [2023-03-10T07:02:14.758+0000] {dag.py:2690} INFO - Sync 1 DAGs
[2023-03-10T07:02:14.773+0000] {logging_mixin.py:137} INFO - [2023-03-10T07:02:14.773+0000] {dag.py:3441} INFO - Setting next_dagrun for hello_world to 2023-03-10T12:00:00+00:00, run_after=2023-03-11T12:00:00+00:00
[2023-03-10T07:02:14.785+0000] {processor.py:175} INFO - Processing /opt/airflow/dags/s3_to_snf.py took 0.077 seconds
[2023-03-10T07:02:45.023+0000] {processor.py:153} INFO - Started process (PID=2025) to work on /opt/airflow/dags/s3_to_snf.py
[2023-03-10T07:02:45.025+0000] {processor.py:743} INFO - Processing file /opt/airflow/dags/s3_to_snf.py for tasks to queue
[2023-03-10T07:02:45.026+0000] {logging_mixin.py:137} INFO - [2023-03-10T07:02:45.026+0000] {dagbag.py:538} INFO - Filling up the DagBag from /opt/airflow/dags/s3_to_snf.py
[2023-03-10T07:02:45.040+0000] {processor.py:753} INFO - DAG(s) dict_keys(['hello_world']) retrieved from /opt/airflow/dags/s3_to_snf.py
[2023-03-10T07:02:45.058+0000] {logging_mixin.py:137} INFO - [2023-03-10T07:02:45.058+0000] {dag.py:2690} INFO - Sync 1 DAGs
[2023-03-10T07:02:45.074+0000] {logging_mixin.py:137} INFO - [2023-03-10T07:02:45.074+0000] {dag.py:3441} INFO - Setting next_dagrun for hello_world to 2023-03-10T12:00:00+00:00, run_after=2023-03-11T12:00:00+00:00
[2023-03-10T07:02:45.085+0000] {processor.py:175} INFO - Processing /opt/airflow/dags/s3_to_snf.py took 0.064 seconds
[2023-03-10T07:03:15.416+0000] {processor.py:153} INFO - Started process (PID=2052) to work on /opt/airflow/dags/s3_to_snf.py
[2023-03-10T07:03:15.419+0000] {processor.py:743} INFO - Processing file /opt/airflow/dags/s3_to_snf.py for tasks to queue
[2023-03-10T07:03:15.420+0000] {logging_mixin.py:137} INFO - [2023-03-10T07:03:15.420+0000] {dagbag.py:538} INFO - Filling up the DagBag from /opt/airflow/dags/s3_to_snf.py
[2023-03-10T07:03:15.444+0000] {processor.py:753} INFO - DAG(s) dict_keys(['hello_world']) retrieved from /opt/airflow/dags/s3_to_snf.py
[2023-03-10T07:03:15.464+0000] {logging_mixin.py:137} INFO - [2023-03-10T07:03:15.464+0000] {dag.py:2690} INFO - Sync 1 DAGs
[2023-03-10T07:03:15.479+0000] {logging_mixin.py:137} INFO - [2023-03-10T07:03:15.479+0000] {dag.py:3441} INFO - Setting next_dagrun for hello_world to 2023-03-10T12:00:00+00:00, run_after=2023-03-11T12:00:00+00:00
[2023-03-10T07:03:15.490+0000] {processor.py:175} INFO - Processing /opt/airflow/dags/s3_to_snf.py took 0.080 seconds
[2023-03-10T07:03:45.796+0000] {processor.py:153} INFO - Started process (PID=2092) to work on /opt/airflow/dags/s3_to_snf.py
[2023-03-10T07:03:45.800+0000] {processor.py:743} INFO - Processing file /opt/airflow/dags/s3_to_snf.py for tasks to queue
[2023-03-10T07:03:45.801+0000] {logging_mixin.py:137} INFO - [2023-03-10T07:03:45.801+0000] {dagbag.py:538} INFO - Filling up the DagBag from /opt/airflow/dags/s3_to_snf.py
[2023-03-10T07:03:45.822+0000] {processor.py:753} INFO - DAG(s) dict_keys(['hello_world']) retrieved from /opt/airflow/dags/s3_to_snf.py
[2023-03-10T07:03:45.843+0000] {logging_mixin.py:137} INFO - [2023-03-10T07:03:45.843+0000] {dag.py:2690} INFO - Sync 1 DAGs
[2023-03-10T07:03:45.858+0000] {logging_mixin.py:137} INFO - [2023-03-10T07:03:45.858+0000] {dag.py:3441} INFO - Setting next_dagrun for hello_world to 2023-03-10T12:00:00+00:00, run_after=2023-03-11T12:00:00+00:00
[2023-03-10T07:03:45.869+0000] {processor.py:175} INFO - Processing /opt/airflow/dags/s3_to_snf.py took 0.078 seconds
[2023-03-10T07:04:16.148+0000] {processor.py:153} INFO - Started process (PID=2131) to work on /opt/airflow/dags/s3_to_snf.py
[2023-03-10T07:04:16.151+0000] {processor.py:743} INFO - Processing file /opt/airflow/dags/s3_to_snf.py for tasks to queue
[2023-03-10T07:04:16.154+0000] {logging_mixin.py:137} INFO - [2023-03-10T07:04:16.153+0000] {dagbag.py:538} INFO - Filling up the DagBag from /opt/airflow/dags/s3_to_snf.py
[2023-03-10T07:04:16.178+0000] {processor.py:753} INFO - DAG(s) dict_keys(['hello_world']) retrieved from /opt/airflow/dags/s3_to_snf.py
[2023-03-10T07:04:16.197+0000] {logging_mixin.py:137} INFO - [2023-03-10T07:04:16.197+0000] {dag.py:2690} INFO - Sync 1 DAGs
[2023-03-10T07:04:16.212+0000] {logging_mixin.py:137} INFO - [2023-03-10T07:04:16.212+0000] {dag.py:3441} INFO - Setting next_dagrun for hello_world to 2023-03-10T12:00:00+00:00, run_after=2023-03-11T12:00:00+00:00
[2023-03-10T07:04:16.222+0000] {processor.py:175} INFO - Processing /opt/airflow/dags/s3_to_snf.py took 0.081 seconds
[2023-03-10T07:04:46.512+0000] {processor.py:153} INFO - Started process (PID=2157) to work on /opt/airflow/dags/s3_to_snf.py
[2023-03-10T07:04:46.514+0000] {processor.py:743} INFO - Processing file /opt/airflow/dags/s3_to_snf.py for tasks to queue
[2023-03-10T07:04:46.516+0000] {logging_mixin.py:137} INFO - [2023-03-10T07:04:46.516+0000] {dagbag.py:538} INFO - Filling up the DagBag from /opt/airflow/dags/s3_to_snf.py
[2023-03-10T07:04:46.546+0000] {processor.py:753} INFO - DAG(s) dict_keys(['hello_world']) retrieved from /opt/airflow/dags/s3_to_snf.py
[2023-03-10T07:04:46.564+0000] {logging_mixin.py:137} INFO - [2023-03-10T07:04:46.564+0000] {dag.py:2690} INFO - Sync 1 DAGs
[2023-03-10T07:04:46.579+0000] {logging_mixin.py:137} INFO - [2023-03-10T07:04:46.579+0000] {dag.py:3441} INFO - Setting next_dagrun for hello_world to 2023-03-10T12:00:00+00:00, run_after=2023-03-11T12:00:00+00:00
[2023-03-10T07:04:46.590+0000] {processor.py:175} INFO - Processing /opt/airflow/dags/s3_to_snf.py took 0.083 seconds
[2023-03-10T07:05:16.853+0000] {processor.py:153} INFO - Started process (PID=2198) to work on /opt/airflow/dags/s3_to_snf.py
[2023-03-10T07:05:16.855+0000] {processor.py:743} INFO - Processing file /opt/airflow/dags/s3_to_snf.py for tasks to queue
[2023-03-10T07:05:16.857+0000] {logging_mixin.py:137} INFO - [2023-03-10T07:05:16.857+0000] {dagbag.py:538} INFO - Filling up the DagBag from /opt/airflow/dags/s3_to_snf.py
[2023-03-10T07:05:16.883+0000] {processor.py:753} INFO - DAG(s) dict_keys(['hello_world']) retrieved from /opt/airflow/dags/s3_to_snf.py
[2023-03-10T07:05:16.904+0000] {logging_mixin.py:137} INFO - [2023-03-10T07:05:16.904+0000] {dag.py:2690} INFO - Sync 1 DAGs
[2023-03-10T07:05:16.921+0000] {logging_mixin.py:137} INFO - [2023-03-10T07:05:16.921+0000] {dag.py:3441} INFO - Setting next_dagrun for hello_world to 2023-03-10T12:00:00+00:00, run_after=2023-03-11T12:00:00+00:00
[2023-03-10T07:05:16.932+0000] {processor.py:175} INFO - Processing /opt/airflow/dags/s3_to_snf.py took 0.084 seconds
[2023-03-10T07:05:47.167+0000] {processor.py:153} INFO - Started process (PID=2238) to work on /opt/airflow/dags/s3_to_snf.py
[2023-03-10T07:05:47.170+0000] {processor.py:743} INFO - Processing file /opt/airflow/dags/s3_to_snf.py for tasks to queue
[2023-03-10T07:05:47.172+0000] {logging_mixin.py:137} INFO - [2023-03-10T07:05:47.171+0000] {dagbag.py:538} INFO - Filling up the DagBag from /opt/airflow/dags/s3_to_snf.py
[2023-03-10T07:05:47.191+0000] {processor.py:753} INFO - DAG(s) dict_keys(['hello_world']) retrieved from /opt/airflow/dags/s3_to_snf.py
[2023-03-10T07:05:47.211+0000] {logging_mixin.py:137} INFO - [2023-03-10T07:05:47.211+0000] {dag.py:2690} INFO - Sync 1 DAGs
[2023-03-10T07:05:47.227+0000] {logging_mixin.py:137} INFO - [2023-03-10T07:05:47.227+0000] {dag.py:3441} INFO - Setting next_dagrun for hello_world to 2023-03-10T12:00:00+00:00, run_after=2023-03-11T12:00:00+00:00
[2023-03-10T07:05:47.236+0000] {processor.py:175} INFO - Processing /opt/airflow/dags/s3_to_snf.py took 0.075 seconds
[2023-03-10T07:06:17.567+0000] {processor.py:153} INFO - Started process (PID=2264) to work on /opt/airflow/dags/s3_to_snf.py
[2023-03-10T07:06:17.569+0000] {processor.py:743} INFO - Processing file /opt/airflow/dags/s3_to_snf.py for tasks to queue
[2023-03-10T07:06:17.571+0000] {logging_mixin.py:137} INFO - [2023-03-10T07:06:17.571+0000] {dagbag.py:538} INFO - Filling up the DagBag from /opt/airflow/dags/s3_to_snf.py
[2023-03-10T07:06:17.590+0000] {processor.py:753} INFO - DAG(s) dict_keys(['hello_world']) retrieved from /opt/airflow/dags/s3_to_snf.py
[2023-03-10T07:06:17.610+0000] {logging_mixin.py:137} INFO - [2023-03-10T07:06:17.610+0000] {dag.py:2690} INFO - Sync 1 DAGs
[2023-03-10T07:06:17.626+0000] {logging_mixin.py:137} INFO - [2023-03-10T07:06:17.626+0000] {dag.py:3441} INFO - Setting next_dagrun for hello_world to 2023-03-10T12:00:00+00:00, run_after=2023-03-11T12:00:00+00:00
[2023-03-10T07:06:17.636+0000] {processor.py:175} INFO - Processing /opt/airflow/dags/s3_to_snf.py took 0.074 seconds
[2023-03-10T07:06:47.902+0000] {processor.py:153} INFO - Started process (PID=2303) to work on /opt/airflow/dags/s3_to_snf.py
[2023-03-10T07:06:47.904+0000] {processor.py:743} INFO - Processing file /opt/airflow/dags/s3_to_snf.py for tasks to queue
[2023-03-10T07:06:47.905+0000] {logging_mixin.py:137} INFO - [2023-03-10T07:06:47.905+0000] {dagbag.py:538} INFO - Filling up the DagBag from /opt/airflow/dags/s3_to_snf.py
[2023-03-10T07:06:47.930+0000] {processor.py:753} INFO - DAG(s) dict_keys(['hello_world']) retrieved from /opt/airflow/dags/s3_to_snf.py
[2023-03-10T07:06:47.950+0000] {logging_mixin.py:137} INFO - [2023-03-10T07:06:47.950+0000] {dag.py:2690} INFO - Sync 1 DAGs
[2023-03-10T07:06:47.965+0000] {logging_mixin.py:137} INFO - [2023-03-10T07:06:47.965+0000] {dag.py:3441} INFO - Setting next_dagrun for hello_world to 2023-03-10T12:00:00+00:00, run_after=2023-03-11T12:00:00+00:00
[2023-03-10T07:06:47.975+0000] {processor.py:175} INFO - Processing /opt/airflow/dags/s3_to_snf.py took 0.079 seconds
[2023-03-10T07:07:18.181+0000] {processor.py:153} INFO - Started process (PID=2343) to work on /opt/airflow/dags/s3_to_snf.py
[2023-03-10T07:07:18.184+0000] {processor.py:743} INFO - Processing file /opt/airflow/dags/s3_to_snf.py for tasks to queue
[2023-03-10T07:07:18.185+0000] {logging_mixin.py:137} INFO - [2023-03-10T07:07:18.185+0000] {dagbag.py:538} INFO - Filling up the DagBag from /opt/airflow/dags/s3_to_snf.py
[2023-03-10T07:07:18.205+0000] {processor.py:753} INFO - DAG(s) dict_keys(['hello_world']) retrieved from /opt/airflow/dags/s3_to_snf.py
[2023-03-10T07:07:18.227+0000] {logging_mixin.py:137} INFO - [2023-03-10T07:07:18.227+0000] {dag.py:2690} INFO - Sync 1 DAGs
[2023-03-10T07:07:18.243+0000] {logging_mixin.py:137} INFO - [2023-03-10T07:07:18.243+0000] {dag.py:3441} INFO - Setting next_dagrun for hello_world to 2023-03-10T12:00:00+00:00, run_after=2023-03-11T12:00:00+00:00
[2023-03-10T07:07:18.254+0000] {processor.py:175} INFO - Processing /opt/airflow/dags/s3_to_snf.py took 0.076 seconds
[2023-03-10T07:07:48.485+0000] {processor.py:153} INFO - Started process (PID=2370) to work on /opt/airflow/dags/s3_to_snf.py
[2023-03-10T07:07:48.488+0000] {processor.py:743} INFO - Processing file /opt/airflow/dags/s3_to_snf.py for tasks to queue
[2023-03-10T07:07:48.490+0000] {logging_mixin.py:137} INFO - [2023-03-10T07:07:48.490+0000] {dagbag.py:538} INFO - Filling up the DagBag from /opt/airflow/dags/s3_to_snf.py
[2023-03-10T07:07:48.509+0000] {processor.py:753} INFO - DAG(s) dict_keys(['hello_world']) retrieved from /opt/airflow/dags/s3_to_snf.py
[2023-03-10T07:07:48.530+0000] {logging_mixin.py:137} INFO - [2023-03-10T07:07:48.529+0000] {dag.py:2690} INFO - Sync 1 DAGs
[2023-03-10T07:07:48.545+0000] {logging_mixin.py:137} INFO - [2023-03-10T07:07:48.545+0000] {dag.py:3441} INFO - Setting next_dagrun for hello_world to 2023-03-10T12:00:00+00:00, run_after=2023-03-11T12:00:00+00:00
[2023-03-10T07:07:48.555+0000] {processor.py:175} INFO - Processing /opt/airflow/dags/s3_to_snf.py took 0.074 seconds
[2023-03-10T07:08:18.783+0000] {processor.py:153} INFO - Started process (PID=2410) to work on /opt/airflow/dags/s3_to_snf.py
[2023-03-10T07:08:18.784+0000] {processor.py:743} INFO - Processing file /opt/airflow/dags/s3_to_snf.py for tasks to queue
[2023-03-10T07:08:18.785+0000] {logging_mixin.py:137} INFO - [2023-03-10T07:08:18.785+0000] {dagbag.py:538} INFO - Filling up the DagBag from /opt/airflow/dags/s3_to_snf.py
[2023-03-10T07:08:18.806+0000] {processor.py:753} INFO - DAG(s) dict_keys(['hello_world']) retrieved from /opt/airflow/dags/s3_to_snf.py
[2023-03-10T07:08:18.829+0000] {logging_mixin.py:137} INFO - [2023-03-10T07:08:18.829+0000] {dag.py:2690} INFO - Sync 1 DAGs
[2023-03-10T07:08:18.848+0000] {logging_mixin.py:137} INFO - [2023-03-10T07:08:18.848+0000] {dag.py:3441} INFO - Setting next_dagrun for hello_world to 2023-03-10T12:00:00+00:00, run_after=2023-03-11T12:00:00+00:00
[2023-03-10T07:08:18.860+0000] {processor.py:175} INFO - Processing /opt/airflow/dags/s3_to_snf.py took 0.080 seconds
[2023-03-10T07:08:49.106+0000] {processor.py:153} INFO - Started process (PID=2450) to work on /opt/airflow/dags/s3_to_snf.py
[2023-03-10T07:08:49.110+0000] {processor.py:743} INFO - Processing file /opt/airflow/dags/s3_to_snf.py for tasks to queue
[2023-03-10T07:08:49.112+0000] {logging_mixin.py:137} INFO - [2023-03-10T07:08:49.112+0000] {dagbag.py:538} INFO - Filling up the DagBag from /opt/airflow/dags/s3_to_snf.py
[2023-03-10T07:08:49.131+0000] {processor.py:753} INFO - DAG(s) dict_keys(['hello_world']) retrieved from /opt/airflow/dags/s3_to_snf.py
[2023-03-10T07:08:49.151+0000] {logging_mixin.py:137} INFO - [2023-03-10T07:08:49.151+0000] {dag.py:2690} INFO - Sync 1 DAGs
[2023-03-10T07:08:49.166+0000] {logging_mixin.py:137} INFO - [2023-03-10T07:08:49.166+0000] {dag.py:3441} INFO - Setting next_dagrun for hello_world to 2023-03-10T12:00:00+00:00, run_after=2023-03-11T12:00:00+00:00
[2023-03-10T07:08:49.176+0000] {processor.py:175} INFO - Processing /opt/airflow/dags/s3_to_snf.py took 0.077 seconds
[2023-03-10T07:09:19.347+0000] {processor.py:153} INFO - Started process (PID=2486) to work on /opt/airflow/dags/s3_to_snf.py
[2023-03-10T07:09:19.348+0000] {processor.py:743} INFO - Processing file /opt/airflow/dags/s3_to_snf.py for tasks to queue
[2023-03-10T07:09:19.349+0000] {logging_mixin.py:137} INFO - [2023-03-10T07:09:19.349+0000] {dagbag.py:538} INFO - Filling up the DagBag from /opt/airflow/dags/s3_to_snf.py
[2023-03-10T07:09:19.363+0000] {processor.py:753} INFO - DAG(s) dict_keys(['hello_world']) retrieved from /opt/airflow/dags/s3_to_snf.py
[2023-03-10T07:09:19.381+0000] {logging_mixin.py:137} INFO - [2023-03-10T07:09:19.381+0000] {dag.py:2690} INFO - Sync 1 DAGs
[2023-03-10T07:09:19.397+0000] {logging_mixin.py:137} INFO - [2023-03-10T07:09:19.397+0000] {dag.py:3441} INFO - Setting next_dagrun for hello_world to 2023-03-10T12:00:00+00:00, run_after=2023-03-11T12:00:00+00:00
[2023-03-10T07:09:19.410+0000] {processor.py:175} INFO - Processing /opt/airflow/dags/s3_to_snf.py took 0.066 seconds
[2023-03-10T07:09:49.668+0000] {processor.py:153} INFO - Started process (PID=2517) to work on /opt/airflow/dags/s3_to_snf.py
[2023-03-10T07:09:49.670+0000] {processor.py:743} INFO - Processing file /opt/airflow/dags/s3_to_snf.py for tasks to queue
[2023-03-10T07:09:49.671+0000] {logging_mixin.py:137} INFO - [2023-03-10T07:09:49.671+0000] {dagbag.py:538} INFO - Filling up the DagBag from /opt/airflow/dags/s3_to_snf.py
[2023-03-10T07:09:49.698+0000] {processor.py:753} INFO - DAG(s) dict_keys(['hello_world']) retrieved from /opt/airflow/dags/s3_to_snf.py
[2023-03-10T07:09:49.718+0000] {logging_mixin.py:137} INFO - [2023-03-10T07:09:49.718+0000] {dag.py:2690} INFO - Sync 1 DAGs
[2023-03-10T07:09:49.733+0000] {logging_mixin.py:137} INFO - [2023-03-10T07:09:49.733+0000] {dag.py:3441} INFO - Setting next_dagrun for hello_world to 2023-03-10T12:00:00+00:00, run_after=2023-03-11T12:00:00+00:00
[2023-03-10T07:09:49.744+0000] {processor.py:175} INFO - Processing /opt/airflow/dags/s3_to_snf.py took 0.082 seconds
[2023-03-10T07:10:19.934+0000] {processor.py:153} INFO - Started process (PID=2556) to work on /opt/airflow/dags/s3_to_snf.py
[2023-03-10T07:10:19.936+0000] {processor.py:743} INFO - Processing file /opt/airflow/dags/s3_to_snf.py for tasks to queue
[2023-03-10T07:10:19.937+0000] {logging_mixin.py:137} INFO - [2023-03-10T07:10:19.937+0000] {dagbag.py:538} INFO - Filling up the DagBag from /opt/airflow/dags/s3_to_snf.py
[2023-03-10T07:10:19.951+0000] {processor.py:753} INFO - DAG(s) dict_keys(['hello_world']) retrieved from /opt/airflow/dags/s3_to_snf.py
[2023-03-10T07:10:19.969+0000] {logging_mixin.py:137} INFO - [2023-03-10T07:10:19.969+0000] {dag.py:2690} INFO - Sync 1 DAGs
[2023-03-10T07:10:19.983+0000] {logging_mixin.py:137} INFO - [2023-03-10T07:10:19.983+0000] {dag.py:3441} INFO - Setting next_dagrun for hello_world to 2023-03-10T12:00:00+00:00, run_after=2023-03-11T12:00:00+00:00
[2023-03-10T07:10:19.994+0000] {processor.py:175} INFO - Processing /opt/airflow/dags/s3_to_snf.py took 0.064 seconds
[2023-03-10T07:10:50.267+0000] {processor.py:153} INFO - Started process (PID=2596) to work on /opt/airflow/dags/s3_to_snf.py
[2023-03-10T07:10:50.269+0000] {processor.py:743} INFO - Processing file /opt/airflow/dags/s3_to_snf.py for tasks to queue
[2023-03-10T07:10:50.270+0000] {logging_mixin.py:137} INFO - [2023-03-10T07:10:50.270+0000] {dagbag.py:538} INFO - Filling up the DagBag from /opt/airflow/dags/s3_to_snf.py
[2023-03-10T07:10:50.284+0000] {processor.py:753} INFO - DAG(s) dict_keys(['hello_world']) retrieved from /opt/airflow/dags/s3_to_snf.py
[2023-03-10T07:10:50.305+0000] {logging_mixin.py:137} INFO - [2023-03-10T07:10:50.305+0000] {dag.py:2690} INFO - Sync 1 DAGs
[2023-03-10T07:10:50.323+0000] {logging_mixin.py:137} INFO - [2023-03-10T07:10:50.323+0000] {dag.py:3441} INFO - Setting next_dagrun for hello_world to 2023-03-10T12:00:00+00:00, run_after=2023-03-11T12:00:00+00:00
[2023-03-10T07:10:50.334+0000] {processor.py:175} INFO - Processing /opt/airflow/dags/s3_to_snf.py took 0.070 seconds
[2023-03-10T07:11:20.599+0000] {processor.py:153} INFO - Started process (PID=2623) to work on /opt/airflow/dags/s3_to_snf.py
[2023-03-10T07:11:20.601+0000] {processor.py:743} INFO - Processing file /opt/airflow/dags/s3_to_snf.py for tasks to queue
[2023-03-10T07:11:20.602+0000] {logging_mixin.py:137} INFO - [2023-03-10T07:11:20.602+0000] {dagbag.py:538} INFO - Filling up the DagBag from /opt/airflow/dags/s3_to_snf.py
[2023-03-10T07:11:20.622+0000] {processor.py:753} INFO - DAG(s) dict_keys(['hello_world']) retrieved from /opt/airflow/dags/s3_to_snf.py
[2023-03-10T07:11:20.642+0000] {logging_mixin.py:137} INFO - [2023-03-10T07:11:20.642+0000] {dag.py:2690} INFO - Sync 1 DAGs
[2023-03-10T07:11:20.657+0000] {logging_mixin.py:137} INFO - [2023-03-10T07:11:20.657+0000] {dag.py:3441} INFO - Setting next_dagrun for hello_world to 2023-03-10T12:00:00+00:00, run_after=2023-03-11T12:00:00+00:00
[2023-03-10T07:11:20.668+0000] {processor.py:175} INFO - Processing /opt/airflow/dags/s3_to_snf.py took 0.073 seconds
[2023-03-10T07:11:50.965+0000] {processor.py:153} INFO - Started process (PID=2663) to work on /opt/airflow/dags/s3_to_snf.py
[2023-03-10T07:11:50.967+0000] {processor.py:743} INFO - Processing file /opt/airflow/dags/s3_to_snf.py for tasks to queue
[2023-03-10T07:11:50.968+0000] {logging_mixin.py:137} INFO - [2023-03-10T07:11:50.967+0000] {dagbag.py:538} INFO - Filling up the DagBag from /opt/airflow/dags/s3_to_snf.py
[2023-03-10T07:11:50.984+0000] {processor.py:753} INFO - DAG(s) dict_keys(['hello_world']) retrieved from /opt/airflow/dags/s3_to_snf.py
[2023-03-10T07:11:51.003+0000] {logging_mixin.py:137} INFO - [2023-03-10T07:11:51.003+0000] {dag.py:2690} INFO - Sync 1 DAGs
[2023-03-10T07:11:51.018+0000] {logging_mixin.py:137} INFO - [2023-03-10T07:11:51.018+0000] {dag.py:3441} INFO - Setting next_dagrun for hello_world to 2023-03-10T12:00:00+00:00, run_after=2023-03-11T12:00:00+00:00
[2023-03-10T07:11:51.029+0000] {processor.py:175} INFO - Processing /opt/airflow/dags/s3_to_snf.py took 0.067 seconds
[2023-03-10T07:12:21.289+0000] {processor.py:153} INFO - Started process (PID=2703) to work on /opt/airflow/dags/s3_to_snf.py
[2023-03-10T07:12:21.290+0000] {processor.py:743} INFO - Processing file /opt/airflow/dags/s3_to_snf.py for tasks to queue
[2023-03-10T07:12:21.291+0000] {logging_mixin.py:137} INFO - [2023-03-10T07:12:21.291+0000] {dagbag.py:538} INFO - Filling up the DagBag from /opt/airflow/dags/s3_to_snf.py
[2023-03-10T07:12:21.305+0000] {processor.py:753} INFO - DAG(s) dict_keys(['hello_world']) retrieved from /opt/airflow/dags/s3_to_snf.py
[2023-03-10T07:12:21.323+0000] {logging_mixin.py:137} INFO - [2023-03-10T07:12:21.322+0000] {dag.py:2690} INFO - Sync 1 DAGs
[2023-03-10T07:12:21.338+0000] {logging_mixin.py:137} INFO - [2023-03-10T07:12:21.338+0000] {dag.py:3441} INFO - Setting next_dagrun for hello_world to 2023-03-10T12:00:00+00:00, run_after=2023-03-11T12:00:00+00:00
[2023-03-10T07:12:21.348+0000] {processor.py:175} INFO - Processing /opt/airflow/dags/s3_to_snf.py took 0.061 seconds
[2023-03-10T07:12:51.663+0000] {processor.py:153} INFO - Started process (PID=2730) to work on /opt/airflow/dags/s3_to_snf.py
[2023-03-10T07:12:51.666+0000] {processor.py:743} INFO - Processing file /opt/airflow/dags/s3_to_snf.py for tasks to queue
[2023-03-10T07:12:51.668+0000] {logging_mixin.py:137} INFO - [2023-03-10T07:12:51.668+0000] {dagbag.py:538} INFO - Filling up the DagBag from /opt/airflow/dags/s3_to_snf.py
[2023-03-10T07:12:51.688+0000] {processor.py:753} INFO - DAG(s) dict_keys(['hello_world']) retrieved from /opt/airflow/dags/s3_to_snf.py
[2023-03-10T07:12:51.708+0000] {logging_mixin.py:137} INFO - [2023-03-10T07:12:51.708+0000] {dag.py:2690} INFO - Sync 1 DAGs
[2023-03-10T07:12:51.723+0000] {logging_mixin.py:137} INFO - [2023-03-10T07:12:51.723+0000] {dag.py:3441} INFO - Setting next_dagrun for hello_world to 2023-03-10T12:00:00+00:00, run_after=2023-03-11T12:00:00+00:00
[2023-03-10T07:12:51.733+0000] {processor.py:175} INFO - Processing /opt/airflow/dags/s3_to_snf.py took 0.076 seconds
[2023-03-10T07:13:22.041+0000] {processor.py:153} INFO - Started process (PID=2770) to work on /opt/airflow/dags/s3_to_snf.py
[2023-03-10T07:13:22.045+0000] {processor.py:743} INFO - Processing file /opt/airflow/dags/s3_to_snf.py for tasks to queue
[2023-03-10T07:13:22.046+0000] {logging_mixin.py:137} INFO - [2023-03-10T07:13:22.046+0000] {dagbag.py:538} INFO - Filling up the DagBag from /opt/airflow/dags/s3_to_snf.py
[2023-03-10T07:13:22.070+0000] {processor.py:753} INFO - DAG(s) dict_keys(['hello_world']) retrieved from /opt/airflow/dags/s3_to_snf.py
[2023-03-10T07:13:22.091+0000] {logging_mixin.py:137} INFO - [2023-03-10T07:13:22.091+0000] {dag.py:2690} INFO - Sync 1 DAGs
[2023-03-10T07:13:22.107+0000] {logging_mixin.py:137} INFO - [2023-03-10T07:13:22.107+0000] {dag.py:3441} INFO - Setting next_dagrun for hello_world to 2023-03-10T12:00:00+00:00, run_after=2023-03-11T12:00:00+00:00
[2023-03-10T07:13:22.118+0000] {processor.py:175} INFO - Processing /opt/airflow/dags/s3_to_snf.py took 0.084 seconds
[2023-03-10T07:13:52.339+0000] {processor.py:153} INFO - Started process (PID=2812) to work on /opt/airflow/dags/s3_to_snf.py
[2023-03-10T07:13:52.341+0000] {processor.py:743} INFO - Processing file /opt/airflow/dags/s3_to_snf.py for tasks to queue
[2023-03-10T07:13:52.342+0000] {logging_mixin.py:137} INFO - [2023-03-10T07:13:52.342+0000] {dagbag.py:538} INFO - Filling up the DagBag from /opt/airflow/dags/s3_to_snf.py
[2023-03-10T07:13:52.358+0000] {processor.py:753} INFO - DAG(s) dict_keys(['hello_world']) retrieved from /opt/airflow/dags/s3_to_snf.py
[2023-03-10T07:13:52.377+0000] {logging_mixin.py:137} INFO - [2023-03-10T07:13:52.377+0000] {dag.py:2690} INFO - Sync 1 DAGs
[2023-03-10T07:13:52.391+0000] {logging_mixin.py:137} INFO - [2023-03-10T07:13:52.391+0000] {dag.py:3441} INFO - Setting next_dagrun for hello_world to 2023-03-10T12:00:00+00:00, run_after=2023-03-11T12:00:00+00:00
[2023-03-10T07:13:52.401+0000] {processor.py:175} INFO - Processing /opt/airflow/dags/s3_to_snf.py took 0.065 seconds
[2023-03-10T07:14:22.651+0000] {processor.py:153} INFO - Started process (PID=2839) to work on /opt/airflow/dags/s3_to_snf.py
[2023-03-10T07:14:22.653+0000] {processor.py:743} INFO - Processing file /opt/airflow/dags/s3_to_snf.py for tasks to queue
[2023-03-10T07:14:22.655+0000] {logging_mixin.py:137} INFO - [2023-03-10T07:14:22.655+0000] {dagbag.py:538} INFO - Filling up the DagBag from /opt/airflow/dags/s3_to_snf.py
[2023-03-10T07:14:22.681+0000] {processor.py:753} INFO - DAG(s) dict_keys(['hello_world']) retrieved from /opt/airflow/dags/s3_to_snf.py
[2023-03-10T07:14:22.702+0000] {logging_mixin.py:137} INFO - [2023-03-10T07:14:22.702+0000] {dag.py:2690} INFO - Sync 1 DAGs
[2023-03-10T07:14:22.716+0000] {logging_mixin.py:137} INFO - [2023-03-10T07:14:22.716+0000] {dag.py:3441} INFO - Setting next_dagrun for hello_world to 2023-03-10T12:00:00+00:00, run_after=2023-03-11T12:00:00+00:00
[2023-03-10T07:14:22.727+0000] {processor.py:175} INFO - Processing /opt/airflow/dags/s3_to_snf.py took 0.082 seconds
[2023-03-10T07:14:53.019+0000] {processor.py:153} INFO - Started process (PID=2879) to work on /opt/airflow/dags/s3_to_snf.py
[2023-03-10T07:14:53.022+0000] {processor.py:743} INFO - Processing file /opt/airflow/dags/s3_to_snf.py for tasks to queue
[2023-03-10T07:14:53.024+0000] {logging_mixin.py:137} INFO - [2023-03-10T07:14:53.024+0000] {dagbag.py:538} INFO - Filling up the DagBag from /opt/airflow/dags/s3_to_snf.py
[2023-03-10T07:14:53.043+0000] {processor.py:753} INFO - DAG(s) dict_keys(['hello_world']) retrieved from /opt/airflow/dags/s3_to_snf.py
[2023-03-10T07:14:53.062+0000] {logging_mixin.py:137} INFO - [2023-03-10T07:14:53.062+0000] {dag.py:2690} INFO - Sync 1 DAGs
[2023-03-10T07:14:53.078+0000] {logging_mixin.py:137} INFO - [2023-03-10T07:14:53.078+0000] {dag.py:3441} INFO - Setting next_dagrun for hello_world to 2023-03-10T12:00:00+00:00, run_after=2023-03-11T12:00:00+00:00
[2023-03-10T07:14:53.089+0000] {processor.py:175} INFO - Processing /opt/airflow/dags/s3_to_snf.py took 0.077 seconds
[2023-03-10T07:15:23.334+0000] {processor.py:153} INFO - Started process (PID=2919) to work on /opt/airflow/dags/s3_to_snf.py
[2023-03-10T07:15:23.337+0000] {processor.py:743} INFO - Processing file /opt/airflow/dags/s3_to_snf.py for tasks to queue
[2023-03-10T07:15:23.339+0000] {logging_mixin.py:137} INFO - [2023-03-10T07:15:23.339+0000] {dagbag.py:538} INFO - Filling up the DagBag from /opt/airflow/dags/s3_to_snf.py
[2023-03-10T07:15:23.364+0000] {processor.py:753} INFO - DAG(s) dict_keys(['hello_world']) retrieved from /opt/airflow/dags/s3_to_snf.py
[2023-03-10T07:15:23.385+0000] {logging_mixin.py:137} INFO - [2023-03-10T07:15:23.385+0000] {dag.py:2690} INFO - Sync 1 DAGs
[2023-03-10T07:15:23.400+0000] {logging_mixin.py:137} INFO - [2023-03-10T07:15:23.400+0000] {dag.py:3441} INFO - Setting next_dagrun for hello_world to 2023-03-10T12:00:00+00:00, run_after=2023-03-11T12:00:00+00:00
[2023-03-10T07:15:23.411+0000] {processor.py:175} INFO - Processing /opt/airflow/dags/s3_to_snf.py took 0.082 seconds
[2023-03-10T07:15:53.717+0000] {processor.py:153} INFO - Started process (PID=2947) to work on /opt/airflow/dags/s3_to_snf.py
[2023-03-10T07:15:53.720+0000] {processor.py:743} INFO - Processing file /opt/airflow/dags/s3_to_snf.py for tasks to queue
[2023-03-10T07:15:53.722+0000] {logging_mixin.py:137} INFO - [2023-03-10T07:15:53.722+0000] {dagbag.py:538} INFO - Filling up the DagBag from /opt/airflow/dags/s3_to_snf.py
[2023-03-10T07:15:53.741+0000] {processor.py:753} INFO - DAG(s) dict_keys(['hello_world']) retrieved from /opt/airflow/dags/s3_to_snf.py
[2023-03-10T07:15:53.761+0000] {logging_mixin.py:137} INFO - [2023-03-10T07:15:53.761+0000] {dag.py:2690} INFO - Sync 1 DAGs
[2023-03-10T07:15:53.776+0000] {logging_mixin.py:137} INFO - [2023-03-10T07:15:53.776+0000] {dag.py:3441} INFO - Setting next_dagrun for hello_world to 2023-03-10T12:00:00+00:00, run_after=2023-03-11T12:00:00+00:00
[2023-03-10T07:15:53.786+0000] {processor.py:175} INFO - Processing /opt/airflow/dags/s3_to_snf.py took 0.075 seconds
[2023-03-10T07:16:24.080+0000] {processor.py:153} INFO - Started process (PID=2987) to work on /opt/airflow/dags/s3_to_snf.py
[2023-03-10T07:16:24.083+0000] {processor.py:743} INFO - Processing file /opt/airflow/dags/s3_to_snf.py for tasks to queue
[2023-03-10T07:16:24.085+0000] {logging_mixin.py:137} INFO - [2023-03-10T07:16:24.085+0000] {dagbag.py:538} INFO - Filling up the DagBag from /opt/airflow/dags/s3_to_snf.py
[2023-03-10T07:16:24.112+0000] {processor.py:753} INFO - DAG(s) dict_keys(['hello_world']) retrieved from /opt/airflow/dags/s3_to_snf.py
[2023-03-10T07:16:24.132+0000] {logging_mixin.py:137} INFO - [2023-03-10T07:16:24.132+0000] {dag.py:2690} INFO - Sync 1 DAGs
[2023-03-10T07:16:24.147+0000] {logging_mixin.py:137} INFO - [2023-03-10T07:16:24.147+0000] {dag.py:3441} INFO - Setting next_dagrun for hello_world to 2023-03-10T12:00:00+00:00, run_after=2023-03-11T12:00:00+00:00
[2023-03-10T07:16:24.158+0000] {processor.py:175} INFO - Processing /opt/airflow/dags/s3_to_snf.py took 0.084 seconds
[2023-03-10T07:16:54.395+0000] {processor.py:153} INFO - Started process (PID=3027) to work on /opt/airflow/dags/s3_to_snf.py
[2023-03-10T07:16:54.396+0000] {processor.py:743} INFO - Processing file /opt/airflow/dags/s3_to_snf.py for tasks to queue
[2023-03-10T07:16:54.398+0000] {logging_mixin.py:137} INFO - [2023-03-10T07:16:54.397+0000] {dagbag.py:538} INFO - Filling up the DagBag from /opt/airflow/dags/s3_to_snf.py
[2023-03-10T07:16:54.415+0000] {processor.py:753} INFO - DAG(s) dict_keys(['hello_world']) retrieved from /opt/airflow/dags/s3_to_snf.py
[2023-03-10T07:16:54.437+0000] {logging_mixin.py:137} INFO - [2023-03-10T07:16:54.437+0000] {dag.py:2690} INFO - Sync 1 DAGs
[2023-03-10T07:16:54.454+0000] {logging_mixin.py:137} INFO - [2023-03-10T07:16:54.454+0000] {dag.py:3441} INFO - Setting next_dagrun for hello_world to 2023-03-10T12:00:00+00:00, run_after=2023-03-11T12:00:00+00:00
[2023-03-10T07:16:54.464+0000] {processor.py:175} INFO - Processing /opt/airflow/dags/s3_to_snf.py took 0.073 seconds
[2023-03-10T07:17:24.759+0000] {processor.py:153} INFO - Started process (PID=3054) to work on /opt/airflow/dags/s3_to_snf.py
[2023-03-10T07:17:24.763+0000] {processor.py:743} INFO - Processing file /opt/airflow/dags/s3_to_snf.py for tasks to queue
[2023-03-10T07:17:24.764+0000] {logging_mixin.py:137} INFO - [2023-03-10T07:17:24.764+0000] {dagbag.py:538} INFO - Filling up the DagBag from /opt/airflow/dags/s3_to_snf.py
[2023-03-10T07:17:24.784+0000] {processor.py:753} INFO - DAG(s) dict_keys(['hello_world']) retrieved from /opt/airflow/dags/s3_to_snf.py
[2023-03-10T07:17:24.803+0000] {logging_mixin.py:137} INFO - [2023-03-10T07:17:24.803+0000] {dag.py:2690} INFO - Sync 1 DAGs
[2023-03-10T07:17:24.818+0000] {logging_mixin.py:137} INFO - [2023-03-10T07:17:24.818+0000] {dag.py:3441} INFO - Setting next_dagrun for hello_world to 2023-03-10T12:00:00+00:00, run_after=2023-03-11T12:00:00+00:00
[2023-03-10T07:17:24.828+0000] {processor.py:175} INFO - Processing /opt/airflow/dags/s3_to_snf.py took 0.073 seconds
[2023-03-10T07:17:55.056+0000] {processor.py:153} INFO - Started process (PID=3093) to work on /opt/airflow/dags/s3_to_snf.py
[2023-03-10T07:17:55.057+0000] {processor.py:743} INFO - Processing file /opt/airflow/dags/s3_to_snf.py for tasks to queue
[2023-03-10T07:17:55.059+0000] {logging_mixin.py:137} INFO - [2023-03-10T07:17:55.059+0000] {dagbag.py:538} INFO - Filling up the DagBag from /opt/airflow/dags/s3_to_snf.py
[2023-03-10T07:17:55.080+0000] {processor.py:753} INFO - DAG(s) dict_keys(['hello_world']) retrieved from /opt/airflow/dags/s3_to_snf.py
[2023-03-10T07:17:55.104+0000] {logging_mixin.py:137} INFO - [2023-03-10T07:17:55.104+0000] {dag.py:2690} INFO - Sync 1 DAGs
[2023-03-10T07:17:55.124+0000] {logging_mixin.py:137} INFO - [2023-03-10T07:17:55.124+0000] {dag.py:3441} INFO - Setting next_dagrun for hello_world to 2023-03-10T12:00:00+00:00, run_after=2023-03-11T12:00:00+00:00
[2023-03-10T07:22:47.727+0000] {processor.py:175} INFO - Processing /opt/airflow/dags/s3_to_snf.py took 0.557 seconds
[2023-03-10T07:23:18.138+0000] {processor.py:153} INFO - Started process (PID=3133) to work on /opt/airflow/dags/s3_to_snf.py
[2023-03-10T07:23:18.140+0000] {processor.py:743} INFO - Processing file /opt/airflow/dags/s3_to_snf.py for tasks to queue
[2023-03-10T07:23:18.142+0000] {logging_mixin.py:137} INFO - [2023-03-10T07:23:18.142+0000] {dagbag.py:538} INFO - Filling up the DagBag from /opt/airflow/dags/s3_to_snf.py
[2023-03-10T07:23:18.160+0000] {processor.py:753} INFO - DAG(s) dict_keys(['hello_world']) retrieved from /opt/airflow/dags/s3_to_snf.py
[2023-03-10T07:23:18.199+0000] {logging_mixin.py:137} INFO - [2023-03-10T07:23:18.198+0000] {dag.py:2690} INFO - Sync 1 DAGs
[2023-03-10T07:23:18.213+0000] {logging_mixin.py:137} INFO - [2023-03-10T07:23:18.213+0000] {dag.py:3441} INFO - Setting next_dagrun for hello_world to 2023-03-10T12:00:00+00:00, run_after=2023-03-11T12:00:00+00:00
[2023-03-10T07:23:18.226+0000] {processor.py:175} INFO - Processing /opt/airflow/dags/s3_to_snf.py took 0.096 seconds
[2023-03-10T07:23:48.447+0000] {processor.py:153} INFO - Started process (PID=3166) to work on /opt/airflow/dags/s3_to_snf.py
[2023-03-10T07:23:48.450+0000] {processor.py:743} INFO - Processing file /opt/airflow/dags/s3_to_snf.py for tasks to queue
[2023-03-10T07:23:48.451+0000] {logging_mixin.py:137} INFO - [2023-03-10T07:23:48.451+0000] {dagbag.py:538} INFO - Filling up the DagBag from /opt/airflow/dags/s3_to_snf.py
[2023-03-10T07:23:48.470+0000] {processor.py:753} INFO - DAG(s) dict_keys(['hello_world']) retrieved from /opt/airflow/dags/s3_to_snf.py
[2023-03-10T07:23:48.492+0000] {logging_mixin.py:137} INFO - [2023-03-10T07:23:48.492+0000] {dag.py:2690} INFO - Sync 1 DAGs
[2023-03-10T07:23:48.511+0000] {logging_mixin.py:137} INFO - [2023-03-10T07:23:48.511+0000] {dag.py:3441} INFO - Setting next_dagrun for hello_world to 2023-03-10T12:00:00+00:00, run_after=2023-03-11T12:00:00+00:00
[2023-03-10T07:23:48.522+0000] {processor.py:175} INFO - Processing /opt/airflow/dags/s3_to_snf.py took 0.079 seconds
[2023-03-10T07:24:18.810+0000] {processor.py:153} INFO - Started process (PID=3200) to work on /opt/airflow/dags/s3_to_snf.py
[2023-03-10T07:24:18.813+0000] {processor.py:743} INFO - Processing file /opt/airflow/dags/s3_to_snf.py for tasks to queue
[2023-03-10T07:24:18.814+0000] {logging_mixin.py:137} INFO - [2023-03-10T07:24:18.814+0000] {dagbag.py:538} INFO - Filling up the DagBag from /opt/airflow/dags/s3_to_snf.py
[2023-03-10T07:24:18.835+0000] {processor.py:753} INFO - DAG(s) dict_keys(['hello_world']) retrieved from /opt/airflow/dags/s3_to_snf.py
[2023-03-10T07:24:18.856+0000] {logging_mixin.py:137} INFO - [2023-03-10T07:24:18.856+0000] {dag.py:2690} INFO - Sync 1 DAGs
[2023-03-10T07:24:18.872+0000] {logging_mixin.py:137} INFO - [2023-03-10T07:24:18.872+0000] {dag.py:3441} INFO - Setting next_dagrun for hello_world to 2023-03-10T12:00:00+00:00, run_after=2023-03-11T12:00:00+00:00
[2023-03-10T07:24:18.882+0000] {processor.py:175} INFO - Processing /opt/airflow/dags/s3_to_snf.py took 0.077 seconds
[2023-03-10T07:24:49.132+0000] {processor.py:153} INFO - Started process (PID=3239) to work on /opt/airflow/dags/s3_to_snf.py
[2023-03-10T07:24:49.134+0000] {processor.py:743} INFO - Processing file /opt/airflow/dags/s3_to_snf.py for tasks to queue
[2023-03-10T07:24:49.135+0000] {logging_mixin.py:137} INFO - [2023-03-10T07:24:49.135+0000] {dagbag.py:538} INFO - Filling up the DagBag from /opt/airflow/dags/s3_to_snf.py
[2023-03-10T07:24:49.154+0000] {processor.py:753} INFO - DAG(s) dict_keys(['hello_world']) retrieved from /opt/airflow/dags/s3_to_snf.py
[2023-03-10T07:24:49.175+0000] {logging_mixin.py:137} INFO - [2023-03-10T07:24:49.175+0000] {dag.py:2690} INFO - Sync 1 DAGs
[2023-03-10T07:24:49.191+0000] {logging_mixin.py:137} INFO - [2023-03-10T07:24:49.191+0000] {dag.py:3441} INFO - Setting next_dagrun for hello_world to 2023-03-10T12:00:00+00:00, run_after=2023-03-11T12:00:00+00:00
[2023-03-10T07:24:49.201+0000] {processor.py:175} INFO - Processing /opt/airflow/dags/s3_to_snf.py took 0.074 seconds
[2023-03-10T07:25:19.458+0000] {processor.py:153} INFO - Started process (PID=3275) to work on /opt/airflow/dags/s3_to_snf.py
[2023-03-10T07:25:19.459+0000] {processor.py:743} INFO - Processing file /opt/airflow/dags/s3_to_snf.py for tasks to queue
[2023-03-10T07:25:19.460+0000] {logging_mixin.py:137} INFO - [2023-03-10T07:25:19.459+0000] {dagbag.py:538} INFO - Filling up the DagBag from /opt/airflow/dags/s3_to_snf.py
[2023-03-10T07:25:19.471+0000] {processor.py:753} INFO - DAG(s) dict_keys(['hello_world']) retrieved from /opt/airflow/dags/s3_to_snf.py
[2023-03-10T07:25:19.490+0000] {logging_mixin.py:137} INFO - [2023-03-10T07:25:19.490+0000] {dag.py:2690} INFO - Sync 1 DAGs
[2023-03-10T07:25:19.506+0000] {logging_mixin.py:137} INFO - [2023-03-10T07:25:19.506+0000] {dag.py:3441} INFO - Setting next_dagrun for hello_world to 2023-03-10T12:00:00+00:00, run_after=2023-03-11T12:00:00+00:00
[2023-03-10T07:25:19.518+0000] {processor.py:175} INFO - Processing /opt/airflow/dags/s3_to_snf.py took 0.063 seconds
[2023-03-10T07:25:49.819+0000] {processor.py:153} INFO - Started process (PID=3306) to work on /opt/airflow/dags/s3_to_snf.py
[2023-03-10T07:25:49.821+0000] {processor.py:743} INFO - Processing file /opt/airflow/dags/s3_to_snf.py for tasks to queue
[2023-03-10T07:25:49.823+0000] {logging_mixin.py:137} INFO - [2023-03-10T07:25:49.823+0000] {dagbag.py:538} INFO - Filling up the DagBag from /opt/airflow/dags/s3_to_snf.py
[2023-03-10T07:25:49.841+0000] {processor.py:753} INFO - DAG(s) dict_keys(['hello_world']) retrieved from /opt/airflow/dags/s3_to_snf.py
[2023-03-10T07:25:49.861+0000] {logging_mixin.py:137} INFO - [2023-03-10T07:25:49.861+0000] {dag.py:2690} INFO - Sync 1 DAGs
[2023-03-10T07:25:49.877+0000] {logging_mixin.py:137} INFO - [2023-03-10T07:25:49.876+0000] {dag.py:3441} INFO - Setting next_dagrun for hello_world to 2023-03-10T12:00:00+00:00, run_after=2023-03-11T12:00:00+00:00
[2023-03-10T07:25:49.887+0000] {processor.py:175} INFO - Processing /opt/airflow/dags/s3_to_snf.py took 0.072 seconds
[2023-03-10T07:26:55.737+0000] {processor.py:153} INFO - Started process (PID=3346) to work on /opt/airflow/dags/s3_to_snf.py
[2023-03-10T07:26:55.739+0000] {processor.py:743} INFO - Processing file /opt/airflow/dags/s3_to_snf.py for tasks to queue
[2023-03-10T07:26:55.740+0000] {logging_mixin.py:137} INFO - [2023-03-10T07:26:55.740+0000] {dagbag.py:538} INFO - Filling up the DagBag from /opt/airflow/dags/s3_to_snf.py
[2023-03-10T07:26:55.753+0000] {processor.py:753} INFO - DAG(s) dict_keys(['hello_world']) retrieved from /opt/airflow/dags/s3_to_snf.py
[2023-03-10T07:26:55.770+0000] {logging_mixin.py:137} INFO - [2023-03-10T07:26:55.770+0000] {dag.py:2690} INFO - Sync 1 DAGs
[2023-03-10T07:26:55.786+0000] {logging_mixin.py:137} INFO - [2023-03-10T07:26:55.786+0000] {dag.py:3441} INFO - Setting next_dagrun for hello_world to 2023-03-10T12:00:00+00:00, run_after=2023-03-11T12:00:00+00:00
[2023-03-10T07:26:55.796+0000] {processor.py:175} INFO - Processing /opt/airflow/dags/s3_to_snf.py took 0.062 seconds
[2023-03-10T07:27:26.120+0000] {processor.py:153} INFO - Started process (PID=3373) to work on /opt/airflow/dags/s3_to_snf.py
[2023-03-10T07:27:26.123+0000] {processor.py:743} INFO - Processing file /opt/airflow/dags/s3_to_snf.py for tasks to queue
[2023-03-10T07:27:26.124+0000] {logging_mixin.py:137} INFO - [2023-03-10T07:27:26.124+0000] {dagbag.py:538} INFO - Filling up the DagBag from /opt/airflow/dags/s3_to_snf.py
[2023-03-10T07:27:26.155+0000] {processor.py:753} INFO - DAG(s) dict_keys(['hello_world']) retrieved from /opt/airflow/dags/s3_to_snf.py
[2023-03-10T07:27:26.176+0000] {logging_mixin.py:137} INFO - [2023-03-10T07:27:26.176+0000] {dag.py:2690} INFO - Sync 1 DAGs
[2023-03-10T07:27:26.194+0000] {logging_mixin.py:137} INFO - [2023-03-10T07:27:26.194+0000] {dag.py:3441} INFO - Setting next_dagrun for hello_world to 2023-03-10T12:00:00+00:00, run_after=2023-03-11T12:00:00+00:00
[2023-03-10T07:27:26.204+0000] {processor.py:175} INFO - Processing /opt/airflow/dags/s3_to_snf.py took 0.090 seconds
