[2023-03-11T19:01:28.337+0000] {taskinstance.py:1083} INFO - Dependencies all met for <TaskInstance: s3_to_snowflake.upload_wa_snowflake scheduled__2023-03-10T00:00:00+00:00 [queued]>
[2023-03-11T19:01:28.345+0000] {taskinstance.py:1083} INFO - Dependencies all met for <TaskInstance: s3_to_snowflake.upload_wa_snowflake scheduled__2023-03-10T00:00:00+00:00 [queued]>
[2023-03-11T19:01:28.345+0000] {taskinstance.py:1279} INFO - 
--------------------------------------------------------------------------------
[2023-03-11T19:01:28.346+0000] {taskinstance.py:1280} INFO - Starting attempt 1 of 2
[2023-03-11T19:01:28.346+0000] {taskinstance.py:1281} INFO - 
--------------------------------------------------------------------------------
[2023-03-11T19:01:28.361+0000] {taskinstance.py:1300} INFO - Executing <Task(S3ToSnowflakeOperator): upload_wa_snowflake> on 2023-03-10 00:00:00+00:00
[2023-03-11T19:01:28.367+0000] {standard_task_runner.py:55} INFO - Started process 3564 to run task
[2023-03-11T19:01:28.375+0000] {standard_task_runner.py:82} INFO - Running: ['***', 'tasks', 'run', 's3_to_snowflake', 'upload_wa_snowflake', 'scheduled__2023-03-10T00:00:00+00:00', '--job-id', '70', '--raw', '--subdir', 'DAGS_FOLDER/s3_to_snowflake.py', '--cfg-path', '/tmp/tmp8ubn8hu3']
[2023-03-11T19:01:28.378+0000] {standard_task_runner.py:83} INFO - Job 70: Subtask upload_wa_snowflake
[2023-03-11T19:01:28.466+0000] {task_command.py:388} INFO - Running <TaskInstance: s3_to_snowflake.upload_wa_snowflake scheduled__2023-03-10T00:00:00+00:00 [running]> on host a2514c64f69a
[2023-03-11T19:01:28.554+0000] {taskinstance.py:1509} INFO - Exporting the following env vars:
AIRFLOW_CTX_DAG_OWNER=***
AIRFLOW_CTX_DAG_ID=s3_to_snowflake
AIRFLOW_CTX_TASK_ID=upload_wa_snowflake
AIRFLOW_CTX_EXECUTION_DATE=2023-03-10T00:00:00+00:00
AIRFLOW_CTX_TRY_NUMBER=1
AIRFLOW_CTX_DAG_RUN_ID=scheduled__2023-03-10T00:00:00+00:00
[2023-03-11T19:01:28.556+0000] {s3_to_snowflake.py:146} INFO - Executing COPY command...
[2023-03-11T19:01:28.569+0000] {base.py:73} INFO - Using connection ID 'snowflake_default' for task execution.
[2023-03-11T19:01:28.571+0000] {connection.py:287} INFO - Snowflake Connector for Python Version: 3.0.1, Python Version: 3.7.16, Platform: Linux-5.15.49-linuxkit-aarch64-with-debian-11.6
[2023-03-11T19:01:28.573+0000] {connection.py:990} INFO - This connection is in OCSP Fail Open Mode. TLS Certificates would be checked for validity and revocation status. Any other Certificate Revocation related exceptions or OCSP Responder failures would be disregarded in favor of connectivity.
[2023-03-11T19:01:28.573+0000] {connection.py:1007} INFO - Setting use_openssl_only mode to False
[2023-03-11T19:01:29.127+0000] {cursor.py:738} INFO - query: [ALTER SESSION SET autocommit=True]
[2023-03-11T19:01:29.201+0000] {cursor.py:751} INFO - query execution done
[2023-03-11T19:01:29.202+0000] {cursor.py:891} INFO - Number of results in first chunk: 1
[2023-03-11T19:01:29.203+0000] {sql.py:375} INFO - Running statement: COPY INTO dev.state_data
FROM @snowpark_stage/
files=('wa_20230310.csv')
file_format=csvformat, parameters: None
[2023-03-11T19:01:29.203+0000] {cursor.py:738} INFO - query: [COPY INTO dev.state_data FROM @snowpark_stage/ files=('wa_20230310.csv') file_fo...]
[2023-03-11T19:01:29.352+0000] {cursor.py:751} INFO - query execution done
[2023-03-11T19:01:29.373+0000] {connection.py:586} INFO - closed
[2023-03-11T19:01:29.448+0000] {connection.py:589} INFO - No async queries seem to be running, deleting session
[2023-03-11T19:01:29.516+0000] {taskinstance.py:1768} ERROR - Task failed with exception
Traceback (most recent call last):
  File "/home/airflow/.local/lib/python3.7/site-packages/airflow/providers/snowflake/transfers/s3_to_snowflake.py", line 147, in execute
    snowflake_hook.run(copy_query, self.autocommit)
  File "/home/airflow/.local/lib/python3.7/site-packages/airflow/providers/snowflake/hooks/snowflake.py", line 379, in run
    self._run_command(cur, sql_statement, parameters)
  File "/home/airflow/.local/lib/python3.7/site-packages/airflow/providers/common/sql/hooks/sql.py", line 380, in _run_command
    cur.execute(sql_statement)
  File "/home/airflow/.local/lib/python3.7/site-packages/snowflake/connector/cursor.py", line 839, in execute
    Error.errorhandler_wrapper(self.connection, self, error_class, errvalue)
  File "/home/airflow/.local/lib/python3.7/site-packages/snowflake/connector/errors.py", line 294, in errorhandler_wrapper
    error_value,
  File "/home/airflow/.local/lib/python3.7/site-packages/snowflake/connector/errors.py", line 345, in hand_to_other_handler
    cursor.errorhandler(connection, cursor, error_class, error_value)
  File "/home/airflow/.local/lib/python3.7/site-packages/snowflake/connector/errors.py", line 231, in default_errorhandler
    cursor=cursor,
snowflake.connector.errors.ProgrammingError: 091016 (22000): 01aae155-0000-4fb4-0004-9dfe00014226: Remote file '@snowpark_stage/wa_20230310.csv' was not found. If you are running a copy command, please make sure files are not deleted when they are being loaded or files are not being loaded into two different tables concurrently with auto purge option.
[2023-03-11T19:01:29.541+0000] {taskinstance.py:1323} INFO - Marking task as UP_FOR_RETRY. dag_id=s3_to_snowflake, task_id=upload_wa_snowflake, execution_date=20230310T000000, start_date=20230311T190128, end_date=20230311T190129
[2023-03-11T19:01:29.562+0000] {standard_task_runner.py:105} ERROR - Failed to execute job 70 for task upload_wa_snowflake (091016 (22000): 01aae155-0000-4fb4-0004-9dfe00014226: Remote file '@snowpark_stage/wa_20230310.csv' was not found. If you are running a copy command, please make sure files are not deleted when they are being loaded or files are not being loaded into two different tables concurrently with auto purge option.; 3564)
[2023-03-11T19:01:29.592+0000] {local_task_job.py:208} INFO - Task exited with return code 1
[2023-03-11T19:01:29.608+0000] {taskinstance.py:2578} INFO - 0 downstream tasks scheduled from follow-on schedule check
