[2023-03-10T06:57:17.673+0000] {taskinstance.py:1083} INFO - Dependencies all met for <TaskInstance: hello_world.hello_task manual__2023-03-10T06:57:16.539484+00:00 [queued]>
[2023-03-10T06:57:17.679+0000] {taskinstance.py:1083} INFO - Dependencies all met for <TaskInstance: hello_world.hello_task manual__2023-03-10T06:57:16.539484+00:00 [queued]>
[2023-03-10T06:57:17.679+0000] {taskinstance.py:1279} INFO - 
--------------------------------------------------------------------------------
[2023-03-10T06:57:17.680+0000] {taskinstance.py:1280} INFO - Starting attempt 1 of 1
[2023-03-10T06:57:17.680+0000] {taskinstance.py:1281} INFO - 
--------------------------------------------------------------------------------
[2023-03-10T06:57:17.687+0000] {taskinstance.py:1300} INFO - Executing <Task(PythonOperator): hello_task> on 2023-03-10 06:57:16.539484+00:00
[2023-03-10T06:57:17.691+0000] {standard_task_runner.py:55} INFO - Started process 1672 to run task
[2023-03-10T06:57:17.694+0000] {standard_task_runner.py:82} INFO - Running: ['***', 'tasks', 'run', 'hello_world', 'hello_task', 'manual__2023-03-10T06:57:16.539484+00:00', '--job-id', '12', '--raw', '--subdir', 'DAGS_FOLDER/s3_to_snf.py', '--cfg-path', '/tmp/tmpw0x5yiid']
[2023-03-10T06:57:17.695+0000] {standard_task_runner.py:83} INFO - Job 12: Subtask hello_task
[2023-03-10T06:57:17.742+0000] {task_command.py:388} INFO - Running <TaskInstance: hello_world.hello_task manual__2023-03-10T06:57:16.539484+00:00 [running]> on host 1e740946fd0d
[2023-03-10T06:57:17.786+0000] {taskinstance.py:1509} INFO - Exporting the following env vars:
AIRFLOW_CTX_DAG_OWNER=***
AIRFLOW_CTX_DAG_ID=hello_world
AIRFLOW_CTX_TASK_ID=hello_task
AIRFLOW_CTX_EXECUTION_DATE=2023-03-10T06:57:16.539484+00:00
AIRFLOW_CTX_TRY_NUMBER=1
AIRFLOW_CTX_DAG_RUN_ID=manual__2023-03-10T06:57:16.539484+00:00
[2023-03-10T06:57:17.787+0000] {python.py:177} INFO - Done. Returned value was: Hello world from first Airflow DAG!
[2023-03-10T06:57:17.803+0000] {taskinstance.py:1323} INFO - Marking task as SUCCESS. dag_id=hello_world, task_id=hello_task, execution_date=20230310T065716, start_date=20230310T065717, end_date=20230310T065717
[2023-03-10T06:57:17.826+0000] {local_task_job.py:208} INFO - Task exited with return code 0
[2023-03-10T06:57:17.840+0000] {taskinstance.py:2578} INFO - 0 downstream tasks scheduled from follow-on schedule check
