[2023-03-11T19:01:22.680+0000] {taskinstance.py:1083} INFO - Dependencies all met for <TaskInstance: s3_to_snowflake.generate_file_ca scheduled__2023-03-10T00:00:00+00:00 [queued]>
[2023-03-11T19:01:22.691+0000] {taskinstance.py:1083} INFO - Dependencies all met for <TaskInstance: s3_to_snowflake.generate_file_ca scheduled__2023-03-10T00:00:00+00:00 [queued]>
[2023-03-11T19:01:22.691+0000] {taskinstance.py:1279} INFO - 
--------------------------------------------------------------------------------
[2023-03-11T19:01:22.692+0000] {taskinstance.py:1280} INFO - Starting attempt 1 of 2
[2023-03-11T19:01:22.692+0000] {taskinstance.py:1281} INFO - 
--------------------------------------------------------------------------------
[2023-03-11T19:01:22.702+0000] {taskinstance.py:1300} INFO - Executing <Task(PythonOperator): generate_file_ca> on 2023-03-10 00:00:00+00:00
[2023-03-11T19:01:22.709+0000] {standard_task_runner.py:55} INFO - Started process 3526 to run task
[2023-03-11T19:01:22.717+0000] {standard_task_runner.py:82} INFO - Running: ['***', 'tasks', 'run', 's3_to_snowflake', 'generate_file_ca', 'scheduled__2023-03-10T00:00:00+00:00', '--job-id', '67', '--raw', '--subdir', 'DAGS_FOLDER/s3_to_snowflake.py', '--cfg-path', '/tmp/tmpykp6zchn']
[2023-03-11T19:01:22.720+0000] {standard_task_runner.py:83} INFO - Job 67: Subtask generate_file_ca
[2023-03-11T19:01:22.845+0000] {task_command.py:388} INFO - Running <TaskInstance: s3_to_snowflake.generate_file_ca scheduled__2023-03-10T00:00:00+00:00 [running]> on host a2514c64f69a
[2023-03-11T19:01:22.934+0000] {taskinstance.py:1509} INFO - Exporting the following env vars:
AIRFLOW_CTX_DAG_OWNER=***
AIRFLOW_CTX_DAG_ID=s3_to_snowflake
AIRFLOW_CTX_TASK_ID=generate_file_ca
AIRFLOW_CTX_EXECUTION_DATE=2023-03-10T00:00:00+00:00
AIRFLOW_CTX_TRY_NUMBER=1
AIRFLOW_CTX_DAG_RUN_ID=scheduled__2023-03-10T00:00:00+00:00
[2023-03-11T19:01:23.760+0000] {base.py:73} INFO - Using connection ID 's3_conn' for task execution.
[2023-03-11T19:01:23.761+0000] {connection_wrapper.py:334} INFO - AWS Connection (conn_id='s3_conn', conn_type='aws') credentials retrieved from login and password.
[2023-03-11T19:01:25.865+0000] {python.py:177} INFO - Done. Returned value was: None
[2023-03-11T19:01:25.878+0000] {taskinstance.py:1323} INFO - Marking task as SUCCESS. dag_id=s3_to_snowflake, task_id=generate_file_ca, execution_date=20230310T000000, start_date=20230311T190122, end_date=20230311T190125
[2023-03-11T19:01:25.933+0000] {local_task_job.py:208} INFO - Task exited with return code 0
[2023-03-11T19:01:25.985+0000] {taskinstance.py:2578} INFO - 1 downstream tasks scheduled from follow-on schedule check
