[2023-03-11T08:09:26.291+0000] {taskinstance.py:1083} INFO - Dependencies all met for <TaskInstance: snf_dag.create_emp_table manual__2023-03-11T08:09:25.234380+00:00 [queued]>
[2023-03-11T08:09:26.298+0000] {taskinstance.py:1083} INFO - Dependencies all met for <TaskInstance: snf_dag.create_emp_table manual__2023-03-11T08:09:25.234380+00:00 [queued]>
[2023-03-11T08:09:26.299+0000] {taskinstance.py:1279} INFO - 
--------------------------------------------------------------------------------
[2023-03-11T08:09:26.299+0000] {taskinstance.py:1280} INFO - Starting attempt 1 of 2
[2023-03-11T08:09:26.300+0000] {taskinstance.py:1281} INFO - 
--------------------------------------------------------------------------------
[2023-03-11T08:09:26.308+0000] {taskinstance.py:1300} INFO - Executing <Task(SnowflakeOperator): create_emp_table> on 2023-03-11 08:09:25.234380+00:00
[2023-03-11T08:09:26.313+0000] {standard_task_runner.py:55} INFO - Started process 858 to run task
[2023-03-11T08:09:26.316+0000] {standard_task_runner.py:82} INFO - Running: ['***', 'tasks', 'run', 'snf_dag', 'create_emp_table', 'manual__2023-03-11T08:09:25.234380+00:00', '--job-id', '37', '--raw', '--subdir', 'DAGS_FOLDER/snf_dag.py', '--cfg-path', '/tmp/tmpdxup83u4']
[2023-03-11T08:09:26.317+0000] {standard_task_runner.py:83} INFO - Job 37: Subtask create_emp_table
[2023-03-11T08:09:26.369+0000] {task_command.py:388} INFO - Running <TaskInstance: snf_dag.create_emp_table manual__2023-03-11T08:09:25.234380+00:00 [running]> on host 1e740946fd0d
[2023-03-11T08:09:26.418+0000] {taskinstance.py:1509} INFO - Exporting the following env vars:
AIRFLOW_CTX_DAG_OWNER=***
AIRFLOW_CTX_DAG_ID=snf_dag
AIRFLOW_CTX_TASK_ID=create_emp_table
AIRFLOW_CTX_EXECUTION_DATE=2023-03-11T08:09:25.234380+00:00
AIRFLOW_CTX_TRY_NUMBER=1
AIRFLOW_CTX_DAG_RUN_ID=manual__2023-03-11T08:09:25.234380+00:00
[2023-03-11T08:09:26.418+0000] {sql.py:254} INFO - Executing: create or replace transient table employees
    (
        employee_id int,
        employee_name varchar(10),
        department_id int,
        designation varchar(10),
        salary int,
        location varchar(10)
    );
[2023-03-11T08:09:26.427+0000] {base.py:73} INFO - Using connection ID 'snowflake_default' for task execution.
[2023-03-11T08:09:26.800+0000] {warnings.py:110} WARNING - /home/***/.local/lib/python3.7/site-packages/snowflake/connector/options.py:108: UserWarning: You have an incompatible version of 'pyarrow' installed (9.0.0), please install a version that adheres to: 'pyarrow<10.1.0,>=10.0.1; extra == "pandas"'
  "pyarrow", installed_pyarrow_version, pandas_pyarrow_extra

[2023-03-11T08:09:27.100+0000] {base.py:73} INFO - Using connection ID 'snowflake_default' for task execution.
[2023-03-11T08:09:27.102+0000] {connection.py:287} INFO - Snowflake Connector for Python Version: 3.0.1, Python Version: 3.7.16, Platform: Linux-5.15.49-linuxkit-aarch64-with-debian-11.6
[2023-03-11T08:09:27.103+0000] {connection.py:990} INFO - This connection is in OCSP Fail Open Mode. TLS Certificates would be checked for validity and revocation status. Any other Certificate Revocation related exceptions or OCSP Responder failures would be disregarded in favor of connectivity.
[2023-03-11T08:09:27.104+0000] {connection.py:1007} INFO - Setting use_openssl_only mode to False
[2023-03-11T08:09:27.657+0000] {cursor.py:738} INFO - query: [ALTER SESSION SET autocommit=False]
[2023-03-11T08:09:27.745+0000] {cursor.py:751} INFO - query execution done
[2023-03-11T08:09:27.751+0000] {cursor.py:891} INFO - Number of results in first chunk: 1
[2023-03-11T08:09:27.755+0000] {sql.py:375} INFO - Running statement: create or replace transient table employees
    (
        employee_id int,
        employee_name varchar(10),
        department_id int,
        designation varchar(10),
        salary int,
        location varchar(10)
    );, parameters: None
[2023-03-11T08:09:27.757+0000] {cursor.py:738} INFO - query: [create or replace transient table employees ( employee_id int, employee_name var...]
[2023-03-11T08:09:27.928+0000] {cursor.py:751} INFO - query execution done
[2023-03-11T08:09:27.936+0000] {cursor.py:891} INFO - Number of results in first chunk: 1
[2023-03-11T08:09:27.938+0000] {sql.py:384} INFO - Rows affected: 1
[2023-03-11T08:09:27.941+0000] {snowflake.py:391} INFO - Rows affected: 1
[2023-03-11T08:09:27.943+0000] {snowflake.py:392} INFO - Snowflake query id: 01aadec9-0000-4fb4-0004-9dfe00014086
[2023-03-11T08:09:27.946+0000] {cursor.py:738} INFO - query: [COMMIT]
[2023-03-11T08:09:28.009+0000] {cursor.py:751} INFO - query execution done
[2023-03-11T08:09:28.010+0000] {cursor.py:891} INFO - Number of results in first chunk: 1
[2023-03-11T08:09:28.011+0000] {connection.py:586} INFO - closed
[2023-03-11T08:09:28.051+0000] {connection.py:589} INFO - No async queries seem to be running, deleting session
[2023-03-11T08:09:28.135+0000] {taskinstance.py:1323} INFO - Marking task as SUCCESS. dag_id=snf_dag, task_id=create_emp_table, execution_date=20230311T080925, start_date=20230311T080926, end_date=20230311T080928
[2023-03-11T08:09:28.190+0000] {local_task_job.py:208} INFO - Task exited with return code 0
[2023-03-11T08:09:28.213+0000] {taskinstance.py:2578} INFO - 1 downstream tasks scheduled from follow-on schedule check
