[2023-03-10T06:56:41.265+0000] {taskinstance.py:1083} INFO - Dependencies all met for <TaskInstance: hello_world.hello_task scheduled__2023-03-08T12:00:00+00:00 [queued]>
[2023-03-10T06:56:41.271+0000] {taskinstance.py:1083} INFO - Dependencies all met for <TaskInstance: hello_world.hello_task scheduled__2023-03-08T12:00:00+00:00 [queued]>
[2023-03-10T06:56:41.271+0000] {taskinstance.py:1279} INFO - 
--------------------------------------------------------------------------------
[2023-03-10T06:56:41.272+0000] {taskinstance.py:1280} INFO - Starting attempt 1 of 1
[2023-03-10T06:56:41.272+0000] {taskinstance.py:1281} INFO - 
--------------------------------------------------------------------------------
[2023-03-10T06:56:41.279+0000] {taskinstance.py:1300} INFO - Executing <Task(PythonOperator): hello_task> on 2023-03-08 12:00:00+00:00
[2023-03-10T06:56:41.283+0000] {standard_task_runner.py:55} INFO - Started process 1631 to run task
[2023-03-10T06:56:41.287+0000] {standard_task_runner.py:82} INFO - Running: ['***', 'tasks', 'run', 'hello_world', 'hello_task', 'scheduled__2023-03-08T12:00:00+00:00', '--job-id', '11', '--raw', '--subdir', 'DAGS_FOLDER/s3_to_snf.py', '--cfg-path', '/tmp/tmp6ymbyrb_']
[2023-03-10T06:56:41.290+0000] {standard_task_runner.py:83} INFO - Job 11: Subtask hello_task
[2023-03-10T06:56:41.361+0000] {task_command.py:388} INFO - Running <TaskInstance: hello_world.hello_task scheduled__2023-03-08T12:00:00+00:00 [running]> on host 1e740946fd0d
[2023-03-10T06:56:41.422+0000] {taskinstance.py:1509} INFO - Exporting the following env vars:
AIRFLOW_CTX_DAG_OWNER=***
AIRFLOW_CTX_DAG_ID=hello_world
AIRFLOW_CTX_TASK_ID=hello_task
AIRFLOW_CTX_EXECUTION_DATE=2023-03-08T12:00:00+00:00
AIRFLOW_CTX_TRY_NUMBER=1
AIRFLOW_CTX_DAG_RUN_ID=scheduled__2023-03-08T12:00:00+00:00
[2023-03-10T06:56:41.423+0000] {python.py:177} INFO - Done. Returned value was: Hello world from first Airflow DAG!
[2023-03-10T06:56:41.443+0000] {taskinstance.py:1323} INFO - Marking task as SUCCESS. dag_id=hello_world, task_id=hello_task, execution_date=20230308T120000, start_date=20230310T065641, end_date=20230310T065641
[2023-03-10T06:56:41.462+0000] {local_task_job.py:208} INFO - Task exited with return code 0
[2023-03-10T06:56:41.476+0000] {taskinstance.py:2578} INFO - 0 downstream tasks scheduled from follow-on schedule check
